[I 2024-06-27 16:58:48,136] Trial 25 finished with value: 0.9666666666666667 and parameters: {'C': 125.97519087914654, 'gamma': 0.007066500472717009}. Best is trial 15 with value: 0.9666666666666667.
F:\PycharmProjects\pythonProject\机器学习\好用的工具\optuna\SVM调优例子.py:15: FutureWarning: suggest_loguniform has been deprecated in v3.0.0. This feature will be removed in v6.0.0. See https://github.com/optuna/optuna/releases/tag/v3.0.0. Use suggest_float(..., log=True) instead.
  C = trial.suggest_loguniform('C', 1e-5, 1e5)
F:\PycharmProjects\pythonProject\机器学习\好用的工具\optuna\SVM调优例子.py:16: FutureWarning: suggest_loguniform has been deprecated in v3.0.0. This feature will be removed in v6.0.0. See https://github.com/optuna/optuna/releases/tag/v3.0.0. Use suggest_float(..., log=True) instead.
  gamma = trial.suggest_loguniform('gamma', 1e-5, 1e5)
[I 2024-06-27 16:58:48,143] Trial 26 finished with value: 0.9333333333333333 and parameters: {'C': 7520.251261528478, 'gamma': 0.04654049899333588}. Best is trial 15 with value: 0.9666666666666667.
F:\PycharmProjects\pythonProject\机器学习\好用的工具\optuna\SVM调优例子.py:15: FutureWarning: suggest_loguniform has been deprecated in v3.0.0. This feature will be removed in v6.0.0. See https://github.com/optuna/optuna/releases/tag/v3.0.0. Use suggest_float(..., log=True) instead.
  C = trial.suggest_loguniform('C', 1e-5, 1e5)
F:\PycharmProjects\pythonProject\机器学习\好用的工具\optuna\SVM调优例子.py:16: FutureWarning: suggest_loguniform has been deprecated in v3.0.0. This feature will be removed in v6.0.0. See https://github.com/optuna/optuna/releases/tag/v3.0.0. Use suggest_float(..., log=True) instead.
  gamma = trial.suggest_loguniform('gamma', 1e-5, 1e5)
[I 2024-06-27 16:58:48,151] Trial 27 finished with value: 0.9333333333333333 and parameters: {'C': 2.04875010783539, 'gamma': 0.0054259639290092955}. Best is trial 15 with value: 0.9666666666666667.
F:\PycharmProjects\pythonProject\机器学习\好用的工具\optuna\SVM调优例子.py:15: FutureWarning: suggest_loguniform has been deprecated in v3.0.0. This feature will be removed in v6.0.0. See https://github.com/optuna/optuna/releases/tag/v3.0.0. Use suggest_float(..., log=True) instead.
  C = trial.suggest_loguniform('C', 1e-5, 1e5)
F:\PycharmProjects\pythonProject\机器学习\好用的工具\optuna\SVM调优例子.py:16: FutureWarning: suggest_loguniform has been deprecated in v3.0.0. This feature will be removed in v6.0.0. See https://github.com/optuna/optuna/releases/tag/v3.0.0. Use suggest_float(..., log=True) instead.
  gamma = trial.suggest_loguniform('gamma', 1e-5, 1e5)
[I 2024-06-27 16:58:48,159] Trial 28 finished with value: 0.2 and parameters: {'C': 0.2254743878337895, 'gamma': 1.0285260223206192e-05}. Best is trial 15 with value: 0.9666666666666667.
F:\PycharmProjects\pythonProject\机器学习\好用的工具\optuna\SVM调优例子.py:15: FutureWarning: suggest_loguniform has been deprecated in v3.0.0. This feature will be removed in v6.0.0. See https://github.com/optuna/optuna/releases/tag/v3.0.0. Use suggest_float(..., log=True) instead.
  C = trial.suggest_loguniform('C', 1e-5, 1e5)
F:\PycharmProjects\pythonProject\机器学习\好用的工具\optuna\SVM调优例子.py:16: FutureWarning: suggest_loguniform has been deprecated in v3.0.0. This feature will be removed in v6.0.0. See https://github.com/optuna/optuna/releases/tag/v3.0.0. Use suggest_float(..., log=True) instead.
  gamma = trial.suggest_loguniform('gamma', 1e-5, 1e5)
[I 2024-06-27 16:58:48,166] Trial 29 finished with value: 0.2 and parameters: {'C': 1.2032005037163263, 'gamma': 0.0001663093834002427}. Best is trial 15 with value: 0.9666666666666667.
F:\PycharmProjects\pythonProject\机器学习\好用的工具\optuna\SVM调优例子.py:15: FutureWarning: suggest_loguniform has been deprecated in v3.0.0. This feature will be removed in v6.0.0. See https://github.com/optuna/optuna/releases/tag/v3.0.0. Use suggest_float(..., log=True) instead.
  C = trial.suggest_loguniform('C', 1e-5, 1e5)
F:\PycharmProjects\pythonProject\机器学习\好用的工具\optuna\SVM调优例子.py:16: FutureWarning: suggest_loguniform has been deprecated in v3.0.0. This feature will be removed in v6.0.0. See https://github.com/optuna/optuna/releases/tag/v3.0.0. Use suggest_float(..., log=True) instead.
  gamma = trial.suggest_loguniform('gamma', 1e-5, 1e5)
[I 2024-06-27 16:58:48,175] Trial 30 finished with value: 0.2 and parameters: {'C': 0.013960975325352525, 'gamma': 0.8617511220807487}. Best is trial 15 with value: 0.9666666666666667.
F:\PycharmProjects\pythonProject\机器学习\好用的工具\optuna\SVM调优例子.py:15: FutureWarning: suggest_loguniform has been deprecated in v3.0.0. This feature will be removed in v6.0.0. See https://github.com/optuna/optuna/releases/tag/v3.0.0. Use suggest_float(..., log=True) instead.
  C = trial.suggest_loguniform('C', 1e-5, 1e5)
F:\PycharmProjects\pythonProject\机器学习\好用的工具\optuna\SVM调优例子.py:16: FutureWarning: suggest_loguniform has been deprecated in v3.0.0. This feature will be removed in v6.0.0. See https://github.com/optuna/optuna/releases/tag/v3.0.0. Use suggest_float(..., log=True) instead.
  gamma = trial.suggest_loguniform('gamma', 1e-5, 1e5)
[I 2024-06-27 16:58:48,183] Trial 31 finished with value: 0.9666666666666667 and parameters: {'C': 4.649381044642474, 'gamma': 0.025074520866156098}. Best is trial 15 with value: 0.9666666666666667.
F:\PycharmProjects\pythonProject\机器学习\好用的工具\optuna\SVM调优例子.py:15: FutureWarning: suggest_loguniform has been deprecated in v3.0.0. This feature will be removed in v6.0.0. See https://github.com/optuna/optuna/releases/tag/v3.0.0. Use suggest_float(..., log=True) instead.
  C = trial.suggest_loguniform('C', 1e-5, 1e5)
F:\PycharmProjects\pythonProject\机器学习\好用的工具\optuna\SVM调优例子.py:16: FutureWarning: suggest_loguniform has been deprecated in v3.0.0. This feature will be removed in v6.0.0. See https://github.com/optuna/optuna/releases/tag/v3.0.0. Use suggest_float(..., log=True) instead.
  gamma = trial.suggest_loguniform('gamma', 1e-5, 1e5)
[I 2024-06-27 16:58:48,191] Trial 32 finished with value: 0.9666666666666667 and parameters: {'C': 20.20627802806764, 'gamma': 0.02158593189578357}. Best is trial 15 with value: 0.9666666666666667.
F:\PycharmProjects\pythonProject\机器学习\好用的工具\optuna\SVM调优例子.py:15: FutureWarning: suggest_loguniform has been deprecated in v3.0.0. This feature will be removed in v6.0.0. See https://github.com/optuna/optuna/releases/tag/v3.0.0. Use suggest_float(..., log=True) instead.
  C = trial.suggest_loguniform('C', 1e-5, 1e5)
F:\PycharmProjects\pythonProject\机器学习\好用的工具\optuna\SVM调优例子.py:16: FutureWarning: suggest_loguniform has been deprecated in v3.0.0. This feature will be removed in v6.0.0. See https://github.com/optuna/optuna/releases/tag/v3.0.0. Use suggest_float(..., log=True) instead.
  gamma = trial.suggest_loguniform('gamma', 1e-5, 1e5)
[I 2024-06-27 16:58:48,198] Trial 33 finished with value: 0.9666666666666667 and parameters: {'C': 322.0238498759426, 'gamma': 0.0021622386528807017}. Best is trial 15 with value: 0.9666666666666667.
F:\PycharmProjects\pythonProject\机器学习\好用的工具\optuna\SVM调优例子.py:15: FutureWarning: suggest_loguniform has been deprecated in v3.0.0. This feature will be removed in v6.0.0. See https://github.com/optuna/optuna/releases/tag/v3.0.0. Use suggest_float(..., log=True) instead.
  C = trial.suggest_loguniform('C', 1e-5, 1e5)
F:\PycharmProjects\pythonProject\机器学习\好用的工具\optuna\SVM调优例子.py:16: FutureWarning: suggest_loguniform has been deprecated in v3.0.0. This feature will be removed in v6.0.0. See https://github.com/optuna/optuna/releases/tag/v3.0.0. Use suggest_float(..., log=True) instead.
  gamma = trial.suggest_loguniform('gamma', 1e-5, 1e5)
[I 2024-06-27 16:58:48,206] Trial 34 finished with value: 0.8 and parameters: {'C': 56.18266644284268, 'gamma': 5.673545341352171e-05}. Best is trial 15 with value: 0.9666666666666667.
F:\PycharmProjects\pythonProject\机器学习\好用的工具\optuna\SVM调优例子.py:15: FutureWarning: suggest_loguniform has been deprecated in v3.0.0. This feature will be removed in v6.0.0. See https://github.com/optuna/optuna/releases/tag/v3.0.0. Use suggest_float(..., log=True) instead.
  C = trial.suggest_loguniform('C', 1e-5, 1e5)
F:\PycharmProjects\pythonProject\机器学习\好用的工具\optuna\SVM调优例子.py:16: FutureWarning: suggest_loguniform has been deprecated in v3.0.0. This feature will be removed in v6.0.0. See https://github.com/optuna/optuna/releases/tag/v3.0.0. Use suggest_float(..., log=True) instead.
  gamma = trial.suggest_loguniform('gamma', 1e-5, 1e5)
[I 2024-06-27 16:58:48,215] Trial 35 finished with value: 0.7666666666666667 and parameters: {'C': 1047.083566651134, 'gamma': 27.3479046360252}. Best is trial 15 with value: 0.9666666666666667.
F:\PycharmProjects\pythonProject\机器学习\好用的工具\optuna\SVM调优例子.py:15: FutureWarning: suggest_loguniform has been deprecated in v3.0.0. This feature will be removed in v6.0.0. See https://github.com/optuna/optuna/releases/tag/v3.0.0. Use suggest_float(..., log=True) instead.
  C = trial.suggest_loguniform('C', 1e-5, 1e5)
F:\PycharmProjects\pythonProject\机器学习\好用的工具\optuna\SVM调优例子.py:16: FutureWarning: suggest_loguniform has been deprecated in v3.0.0. This feature will be removed in v6.0.0. See https://github.com/optuna/optuna/releases/tag/v3.0.0. Use suggest_float(..., log=True) instead.
  gamma = trial.suggest_loguniform('gamma', 1e-5, 1e5)
[I 2024-06-27 16:58:48,223] Trial 36 finished with value: 0.9 and parameters: {'C': 5.138423077356716, 'gamma': 0.0011720395082454175}. Best is trial 15 with value: 0.9666666666666667.
F:\PycharmProjects\pythonProject\机器学习\好用的工具\optuna\SVM调优例子.py:15: FutureWarning: suggest_loguniform has been deprecated in v3.0.0. This feature will be removed in v6.0.0. See https://github.com/optuna/optuna/releases/tag/v3.0.0. Use suggest_float(..., log=True) instead.
  C = trial.suggest_loguniform('C', 1e-5, 1e5)
F:\PycharmProjects\pythonProject\机器学习\好用的工具\optuna\SVM调优例子.py:16: FutureWarning: suggest_loguniform has been deprecated in v3.0.0. This feature will be removed in v6.0.0. See https://github.com/optuna/optuna/releases/tag/v3.0.0. Use suggest_float(..., log=True) instead.
  gamma = trial.suggest_loguniform('gamma', 1e-5, 1e5)
[I 2024-06-27 16:58:48,230] Trial 37 finished with value: 0.9333333333333333 and parameters: {'C': 6300.803893405926, 'gamma': 0.09382237614056069}. Best is trial 15 with value: 0.9666666666666667.
F:\PycharmProjects\pythonProject\机器学习\好用的工具\optuna\SVM调优例子.py:15: FutureWarning: suggest_loguniform has been deprecated in v3.0.0. This feature will be removed in v6.0.0. See https://github.com/optuna/optuna/releases/tag/v3.0.0. Use suggest_float(..., log=True) instead.
  C = trial.suggest_loguniform('C', 1e-5, 1e5)
F:\PycharmProjects\pythonProject\机器学习\好用的工具\optuna\SVM调优例子.py:16: FutureWarning: suggest_loguniform has been deprecated in v3.0.0. This feature will be removed in v6.0.0. See https://github.com/optuna/optuna/releases/tag/v3.0.0. Use suggest_float(..., log=True) instead.
  gamma = trial.suggest_loguniform('gamma', 1e-5, 1e5)
[I 2024-06-27 16:58:48,239] Trial 38 finished with value: 0.9 and parameters: {'C': 0.49264386211147, 'gamma': 0.012191583784594217}. Best is trial 15 with value: 0.9666666666666667.
F:\PycharmProjects\pythonProject\机器学习\好用的工具\optuna\SVM调优例子.py:15: FutureWarning: suggest_loguniform has been deprecated in v3.0.0. This feature will be removed in v6.0.0. See https://github.com/optuna/optuna/releases/tag/v3.0.0. Use suggest_float(..., log=True) instead.
  C = trial.suggest_loguniform('C', 1e-5, 1e5)
F:\PycharmProjects\pythonProject\机器学习\好用的工具\optuna\SVM调优例子.py:16: FutureWarning: suggest_loguniform has been deprecated in v3.0.0. This feature will be removed in v6.0.0. See https://github.com/optuna/optuna/releases/tag/v3.0.0. Use suggest_float(..., log=True) instead.
  gamma = trial.suggest_loguniform('gamma', 1e-5, 1e5)
[I 2024-06-27 16:58:48,246] Trial 39 finished with value: 0.9333333333333333 and parameters: {'C': 360.13576101076023, 'gamma': 0.5871612409235638}. Best is trial 15 with value: 0.9666666666666667.
F:\PycharmProjects\pythonProject\机器学习\好用的工具\optuna\SVM调优例子.py:15: FutureWarning: suggest_loguniform has been deprecated in v3.0.0. This feature will be removed in v6.0.0. See https://github.com/optuna/optuna/releases/tag/v3.0.0. Use suggest_float(..., log=True) instead.
  C = trial.suggest_loguniform('C', 1e-5, 1e5)
F:\PycharmProjects\pythonProject\机器学习\好用的工具\optuna\SVM调优例子.py:16: FutureWarning: suggest_loguniform has been deprecated in v3.0.0. This feature will be removed in v6.0.0. See https://github.com/optuna/optuna/releases/tag/v3.0.0. Use suggest_float(..., log=True) instead.
  gamma = trial.suggest_loguniform('gamma', 1e-5, 1e5)
[I 2024-06-27 16:58:48,255] Trial 40 finished with value: 0.2 and parameters: {'C': 0.06525474587139656, 'gamma': 0.0030108232365805036}. Best is trial 15 with value: 0.9666666666666667.
F:\PycharmProjects\pythonProject\机器学习\好用的工具\optuna\SVM调优例子.py:15: FutureWarning: suggest_loguniform has been deprecated in v3.0.0. This feature will be removed in v6.0.0. See https://github.com/optuna/optuna/releases/tag/v3.0.0. Use suggest_float(..., log=True) instead.
  C = trial.suggest_loguniform('C', 1e-5, 1e5)
F:\PycharmProjects\pythonProject\机器学习\好用的工具\optuna\SVM调优例子.py:16: FutureWarning: suggest_loguniform has been deprecated in v3.0.0. This feature will be removed in v6.0.0. See https://github.com/optuna/optuna/releases/tag/v3.0.0. Use suggest_float(..., log=True) instead.
  gamma = trial.suggest_loguniform('gamma', 1e-5, 1e5)
[I 2024-06-27 16:58:48,262] Trial 41 finished with value: 0.9666666666666667 and parameters: {'C': 16.964020254337907, 'gamma': 0.007591839453864071}. Best is trial 15 with value: 0.9666666666666667.
F:\PycharmProjects\pythonProject\机器学习\好用的工具\optuna\SVM调优例子.py:15: FutureWarning: suggest_loguniform has been deprecated in v3.0.0. This feature will be removed in v6.0.0. See https://github.com/optuna/optuna/releases/tag/v3.0.0. Use suggest_float(..., log=True) instead.
  C = trial.suggest_loguniform('C', 1e-5, 1e5)
F:\PycharmProjects\pythonProject\机器学习\好用的工具\optuna\SVM调优例子.py:16: FutureWarning: suggest_loguniform has been deprecated in v3.0.0. This feature will be removed in v6.0.0. See https://github.com/optuna/optuna/releases/tag/v3.0.0. Use suggest_float(..., log=True) instead.
  gamma = trial.suggest_loguniform('gamma', 1e-5, 1e5)
[I 2024-06-27 16:58:48,270] Trial 42 finished with value: 0.9666666666666667 and parameters: {'C': 24.74196087341598, 'gamma': 0.04347484231640965}. Best is trial 15 with value: 0.9666666666666667.
F:\PycharmProjects\pythonProject\机器学习\好用的工具\optuna\SVM调优例子.py:15: FutureWarning: suggest_loguniform has been deprecated in v3.0.0. This feature will be removed in v6.0.0. See https://github.com/optuna/optuna/releases/tag/v3.0.0. Use suggest_float(..., log=True) instead.
  C = trial.suggest_loguniform('C', 1e-5, 1e5)
F:\PycharmProjects\pythonProject\机器学习\好用的工具\optuna\SVM调优例子.py:16: FutureWarning: suggest_loguniform has been deprecated in v3.0.0. This feature will be removed in v6.0.0. See https://github.com/optuna/optuna/releases/tag/v3.0.0. Use suggest_float(..., log=True) instead.
  gamma = trial.suggest_loguniform('gamma', 1e-5, 1e5)
[I 2024-06-27 16:58:48,279] Trial 43 finished with value: 0.8 and parameters: {'C': 2.6218660033225185, 'gamma': 0.0013252895790346426}. Best is trial 15 with value: 0.9666666666666667.
F:\PycharmProjects\pythonProject\机器学习\好用的工具\optuna\SVM调优例子.py:15: FutureWarning: suggest_loguniform has been deprecated in v3.0.0. This feature will be removed in v6.0.0. See https://github.com/optuna/optuna/releases/tag/v3.0.0. Use suggest_float(..., log=True) instead.
  C = trial.suggest_loguniform('C', 1e-5, 1e5)
F:\PycharmProjects\pythonProject\机器学习\好用的工具\optuna\SVM调优例子.py:16: FutureWarning: suggest_loguniform has been deprecated in v3.0.0. This feature will be removed in v6.0.0. See https://github.com/optuna/optuna/releases/tag/v3.0.0. Use suggest_float(..., log=True) instead.
  gamma = trial.suggest_loguniform('gamma', 1e-5, 1e5)
[I 2024-06-27 16:58:48,288] Trial 44 finished with value: 0.9666666666666667 and parameters: {'C': 9.97620860161932, 'gamma': 0.013699506996365117}. Best is trial 15 with value: 0.9666666666666667.
F:\PycharmProjects\pythonProject\机器学习\好用的工具\optuna\SVM调优例子.py:15: FutureWarning: suggest_loguniform has been deprecated in v3.0.0. This feature will be removed in v6.0.0. See https://github.com/optuna/optuna/releases/tag/v3.0.0. Use suggest_float(..., log=True) instead.
  C = trial.suggest_loguniform('C', 1e-5, 1e5)
F:\PycharmProjects\pythonProject\机器学习\好用的工具\optuna\SVM调优例子.py:16: FutureWarning: suggest_loguniform has been deprecated in v3.0.0. This feature will be removed in v6.0.0. See https://github.com/optuna/optuna/releases/tag/v3.0.0. Use suggest_float(..., log=True) instead.
  gamma = trial.suggest_loguniform('gamma', 1e-5, 1e5)
[I 2024-06-27 16:58:48,296] Trial 45 finished with value: 0.9333333333333333 and parameters: {'C': 43.55950235643066, 'gamma': 0.3177935722928556}. Best is trial 15 with value: 0.9666666666666667.
F:\PycharmProjects\pythonProject\机器学习\好用的工具\optuna\SVM调优例子.py:15: FutureWarning: suggest_loguniform has been deprecated in v3.0.0. This feature will be removed in v6.0.0. See https://github.com/optuna/optuna/releases/tag/v3.0.0. Use suggest_float(..., log=True) instead.
  C = trial.suggest_loguniform('C', 1e-5, 1e5)
F:\PycharmProjects\pythonProject\机器学习\好用的工具\optuna\SVM调优例子.py:16: FutureWarning: suggest_loguniform has been deprecated in v3.0.0. This feature will be removed in v6.0.0. See https://github.com/optuna/optuna/releases/tag/v3.0.0. Use suggest_float(..., log=True) instead.
  gamma = trial.suggest_loguniform('gamma', 1e-5, 1e5)
[I 2024-06-27 16:58:48,303] Trial 46 finished with value: 0.9666666666666667 and parameters: {'C': 170.9970616770268, 'gamma': 0.0033325578098789992}. Best is trial 15 with value: 0.9666666666666667.
F:\PycharmProjects\pythonProject\机器学习\好用的工具\optuna\SVM调优例子.py:15: FutureWarning: suggest_loguniform has been deprecated in v3.0.0. This feature will be removed in v6.0.0. See https://github.com/optuna/optuna/releases/tag/v3.0.0. Use suggest_float(..., log=True) instead.
  C = trial.suggest_loguniform('C', 1e-5, 1e5)
F:\PycharmProjects\pythonProject\机器学习\好用的工具\optuna\SVM调优例子.py:16: FutureWarning: suggest_loguniform has been deprecated in v3.0.0. This feature will be removed in v6.0.0. See https://github.com/optuna/optuna/releases/tag/v3.0.0. Use suggest_float(..., log=True) instead.
  gamma = trial.suggest_loguniform('gamma', 1e-5, 1e5)
[I 2024-06-27 16:58:48,311] Trial 47 finished with value: 0.9666666666666667 and parameters: {'C': 1198.4427298524777, 'gamma': 0.00048697335870487676}. Best is trial 15 with value: 0.9666666666666667.
F:\PycharmProjects\pythonProject\机器学习\好用的工具\optuna\SVM调优例子.py:15: FutureWarning: suggest_loguniform has been deprecated in v3.0.0. This feature will be removed in v6.0.0. See https://github.com/optuna/optuna/releases/tag/v3.0.0. Use suggest_float(..., log=True) instead.
  C = trial.suggest_loguniform('C', 1e-5, 1e5)
F:\PycharmProjects\pythonProject\机器学习\好用的工具\optuna\SVM调优例子.py:16: FutureWarning: suggest_loguniform has been deprecated in v3.0.0. This feature will be removed in v6.0.0. See https://github.com/optuna/optuna/releases/tag/v3.0.0. Use suggest_float(..., log=True) instead.
  gamma = trial.suggest_loguniform('gamma', 1e-5, 1e5)
[I 2024-06-27 16:58:48,319] Trial 48 finished with value: 0.9666666666666667 and parameters: {'C': 3.0127900192206467, 'gamma': 0.05244067553084889}. Best is trial 15 with value: 0.9666666666666667.
F:\PycharmProjects\pythonProject\机器学习\好用的工具\optuna\SVM调优例子.py:15: FutureWarning: suggest_loguniform has been deprecated in v3.0.0. This feature will be removed in v6.0.0. See https://github.com/optuna/optuna/releases/tag/v3.0.0. Use suggest_float(..., log=True) instead.
  C = trial.suggest_loguniform('C', 1e-5, 1e5)
F:\PycharmProjects\pythonProject\机器学习\好用的工具\optuna\SVM调优例子.py:16: FutureWarning: suggest_loguniform has been deprecated in v3.0.0. This feature will be removed in v6.0.0. See https://github.com/optuna/optuna/releases/tag/v3.0.0. Use suggest_float(..., log=True) instead.
  gamma = trial.suggest_loguniform('gamma', 1e-5, 1e5)
[I 2024-06-27 16:58:48,326] Trial 49 finished with value: 0.9333333333333333 and parameters: {'C': 33.15658489906198, 'gamma': 1.9024276427650193}. Best is trial 15 with value: 0.9666666666666667.
F:\PycharmProjects\pythonProject\机器学习\好用的工具\optuna\SVM调优例子.py:15: FutureWarning: suggest_loguniform has been deprecated in v3.0.0. This feature will be removed in v6.0.0. See https://github.com/optuna/optuna/releases/tag/v3.0.0. Use suggest_float(..., log=True) instead.
  C = trial.suggest_loguniform('C', 1e-5, 1e5)
F:\PycharmProjects\pythonProject\机器学习\好用的工具\optuna\SVM调优例子.py:16: FutureWarning: suggest_loguniform has been deprecated in v3.0.0. This feature will be removed in v6.0.0. See https://github.com/optuna/optuna/releases/tag/v3.0.0. Use suggest_float(..., log=True) instead.
  gamma = trial.suggest_loguniform('gamma', 1e-5, 1e5)
[I 2024-06-27 16:58:48,336] Trial 50 finished with value: 0.9333333333333333 and parameters: {'C': 3678.636981729861, 'gamma': 0.14732910584722786}. Best is trial 15 with value: 0.9666666666666667.
F:\PycharmProjects\pythonProject\机器学习\好用的工具\optuna\SVM调优例子.py:15: FutureWarning: suggest_loguniform has been deprecated in v3.0.0. This feature will be removed in v6.0.0. See https://github.com/optuna/optuna/releases/tag/v3.0.0. Use suggest_float(..., log=True) instead.
  C = trial.suggest_loguniform('C', 1e-5, 1e5)
F:\PycharmProjects\pythonProject\机器学习\好用的工具\optuna\SVM调优例子.py:16: FutureWarning: suggest_loguniform has been deprecated in v3.0.0. This feature will be removed in v6.0.0. See https://github.com/optuna/optuna/releases/tag/v3.0.0. Use suggest_float(..., log=True) instead.
  gamma = trial.suggest_loguniform('gamma', 1e-5, 1e5)
