[I 2024-06-27 16:58:47,980] A new study created in memory with name: no-name-b89e5663-f05e-4004-9bb8-88e10d2df1b1
F:\PycharmProjects\pythonProject\机器学习\好用的工具\optuna\SVM调优例子.py:15: FutureWarning: suggest_loguniform has been deprecated in v3.0.0. This feature will be removed in v6.0.0. See https://github.com/optuna/optuna/releases/tag/v3.0.0. Use suggest_float(..., log=True) instead.
  C = trial.suggest_loguniform('C', 1e-5, 1e5)
F:\PycharmProjects\pythonProject\机器学习\好用的工具\optuna\SVM调优例子.py:16: FutureWarning: suggest_loguniform has been deprecated in v3.0.0. This feature will be removed in v6.0.0. See https://github.com/optuna/optuna/releases/tag/v3.0.0. Use suggest_float(..., log=True) instead.
  gamma = trial.suggest_loguniform('gamma', 1e-5, 1e5)
[I 2024-06-27 16:58:47,985] Trial 0 finished with value: 0.2 and parameters: {'C': 1.157109093190682, 'gamma': 5.0951206604844134e-05}. Best is trial 0 with value: 0.2.
F:\PycharmProjects\pythonProject\机器学习\好用的工具\optuna\SVM调优例子.py:15: FutureWarning: suggest_loguniform has been deprecated in v3.0.0. This feature will be removed in v6.0.0. See https://github.com/optuna/optuna/releases/tag/v3.0.0. Use suggest_float(..., log=True) instead.
  C = trial.suggest_loguniform('C', 1e-5, 1e5)
F:\PycharmProjects\pythonProject\机器学习\好用的工具\optuna\SVM调优例子.py:16: FutureWarning: suggest_loguniform has been deprecated in v3.0.0. This feature will be removed in v6.0.0. See https://github.com/optuna/optuna/releases/tag/v3.0.0. Use suggest_float(..., log=True) instead.
  gamma = trial.suggest_loguniform('gamma', 1e-5, 1e5)
[I 2024-06-27 16:58:47,987] Trial 1 finished with value: 0.8333333333333334 and parameters: {'C': 1823.445404463789, 'gamma': 9.856167615244855}. Best is trial 1 with value: 0.8333333333333334.
F:\PycharmProjects\pythonProject\机器学习\好用的工具\optuna\SVM调优例子.py:15: FutureWarning: suggest_loguniform has been deprecated in v3.0.0. This feature will be removed in v6.0.0. See https://github.com/optuna/optuna/releases/tag/v3.0.0. Use suggest_float(..., log=True) instead.
  C = trial.suggest_loguniform('C', 1e-5, 1e5)
F:\PycharmProjects\pythonProject\机器学习\好用的工具\optuna\SVM调优例子.py:16: FutureWarning: suggest_loguniform has been deprecated in v3.0.0. This feature will be removed in v6.0.0. See https://github.com/optuna/optuna/releases/tag/v3.0.0. Use suggest_float(..., log=True) instead.
  gamma = trial.suggest_loguniform('gamma', 1e-5, 1e5)
[I 2024-06-27 16:58:47,989] Trial 2 finished with value: 0.9333333333333333 and parameters: {'C': 1392.5101707024671, 'gamma': 0.04131861914310149}. Best is trial 2 with value: 0.9333333333333333.
F:\PycharmProjects\pythonProject\机器学习\好用的工具\optuna\SVM调优例子.py:15: FutureWarning: suggest_loguniform has been deprecated in v3.0.0. This feature will be removed in v6.0.0. See https://github.com/optuna/optuna/releases/tag/v3.0.0. Use suggest_float(..., log=True) instead.
  C = trial.suggest_loguniform('C', 1e-5, 1e5)
F:\PycharmProjects\pythonProject\机器学习\好用的工具\optuna\SVM调优例子.py:16: FutureWarning: suggest_loguniform has been deprecated in v3.0.0. This feature will be removed in v6.0.0. See https://github.com/optuna/optuna/releases/tag/v3.0.0. Use suggest_float(..., log=True) instead.
  gamma = trial.suggest_loguniform('gamma', 1e-5, 1e5)
[I 2024-06-27 16:58:47,991] Trial 3 finished with value: 0.2 and parameters: {'C': 6.40147556354998e-05, 'gamma': 0.0019409270291928665}. Best is trial 2 with value: 0.9333333333333333.
F:\PycharmProjects\pythonProject\机器学习\好用的工具\optuna\SVM调优例子.py:15: FutureWarning: suggest_loguniform has been deprecated in v3.0.0. This feature will be removed in v6.0.0. See https://github.com/optuna/optuna/releases/tag/v3.0.0. Use suggest_float(..., log=True) instead.
  C = trial.suggest_loguniform('C', 1e-5, 1e5)
F:\PycharmProjects\pythonProject\机器学习\好用的工具\optuna\SVM调优例子.py:16: FutureWarning: suggest_loguniform has been deprecated in v3.0.0. This feature will be removed in v6.0.0. See https://github.com/optuna/optuna/releases/tag/v3.0.0. Use suggest_float(..., log=True) instead.
  gamma = trial.suggest_loguniform('gamma', 1e-5, 1e5)
[I 2024-06-27 16:58:47,994] Trial 4 finished with value: 0.2 and parameters: {'C': 2321.4879594933354, 'gamma': 4416.136396587281}. Best is trial 2 with value: 0.9333333333333333.
F:\PycharmProjects\pythonProject\机器学习\好用的工具\optuna\SVM调优例子.py:15: FutureWarning: suggest_loguniform has been deprecated in v3.0.0. This feature will be removed in v6.0.0. See https://github.com/optuna/optuna/releases/tag/v3.0.0. Use suggest_float(..., log=True) instead.
  C = trial.suggest_loguniform('C', 1e-5, 1e5)
F:\PycharmProjects\pythonProject\机器学习\好用的工具\optuna\SVM调优例子.py:16: FutureWarning: suggest_loguniform has been deprecated in v3.0.0. This feature will be removed in v6.0.0. See https://github.com/optuna/optuna/releases/tag/v3.0.0. Use suggest_float(..., log=True) instead.
  gamma = trial.suggest_loguniform('gamma', 1e-5, 1e5)
[I 2024-06-27 16:58:47,998] Trial 5 finished with value: 0.2 and parameters: {'C': 0.1236210101300971, 'gamma': 8258.292822002599}. Best is trial 2 with value: 0.9333333333333333.
F:\PycharmProjects\pythonProject\机器学习\好用的工具\optuna\SVM调优例子.py:15: FutureWarning: suggest_loguniform has been deprecated in v3.0.0. This feature will be removed in v6.0.0. See https://github.com/optuna/optuna/releases/tag/v3.0.0. Use suggest_float(..., log=True) instead.
  C = trial.suggest_loguniform('C', 1e-5, 1e5)
F:\PycharmProjects\pythonProject\机器学习\好用的工具\optuna\SVM调优例子.py:16: FutureWarning: suggest_loguniform has been deprecated in v3.0.0. This feature will be removed in v6.0.0. See https://github.com/optuna/optuna/releases/tag/v3.0.0. Use suggest_float(..., log=True) instead.
  gamma = trial.suggest_loguniform('gamma', 1e-5, 1e5)
[I 2024-06-27 16:58:48,000] Trial 6 finished with value: 0.2 and parameters: {'C': 4.501398881584872e-05, 'gamma': 0.0022044902276110324}. Best is trial 2 with value: 0.9333333333333333.
F:\PycharmProjects\pythonProject\机器学习\好用的工具\optuna\SVM调优例子.py:15: FutureWarning: suggest_loguniform has been deprecated in v3.0.0. This feature will be removed in v6.0.0. See https://github.com/optuna/optuna/releases/tag/v3.0.0. Use suggest_float(..., log=True) instead.
  C = trial.suggest_loguniform('C', 1e-5, 1e5)
F:\PycharmProjects\pythonProject\机器学习\好用的工具\optuna\SVM调优例子.py:16: FutureWarning: suggest_loguniform has been deprecated in v3.0.0. This feature will be removed in v6.0.0. See https://github.com/optuna/optuna/releases/tag/v3.0.0. Use suggest_float(..., log=True) instead.
  gamma = trial.suggest_loguniform('gamma', 1e-5, 1e5)
[I 2024-06-27 16:58:48,003] Trial 7 finished with value: 0.2 and parameters: {'C': 5.938382668756853, 'gamma': 59475.52211244928}. Best is trial 2 with value: 0.9333333333333333.
F:\PycharmProjects\pythonProject\机器学习\好用的工具\optuna\SVM调优例子.py:15: FutureWarning: suggest_loguniform has been deprecated in v3.0.0. This feature will be removed in v6.0.0. See https://github.com/optuna/optuna/releases/tag/v3.0.0. Use suggest_float(..., log=True) instead.
  C = trial.suggest_loguniform('C', 1e-5, 1e5)
F:\PycharmProjects\pythonProject\机器学习\好用的工具\optuna\SVM调优例子.py:16: FutureWarning: suggest_loguniform has been deprecated in v3.0.0. This feature will be removed in v6.0.0. See https://github.com/optuna/optuna/releases/tag/v3.0.0. Use suggest_float(..., log=True) instead.
  gamma = trial.suggest_loguniform('gamma', 1e-5, 1e5)
[I 2024-06-27 16:58:48,006] Trial 8 finished with value: 0.2 and parameters: {'C': 1.762575540595639e-05, 'gamma': 3127.2091729484814}. Best is trial 2 with value: 0.9333333333333333.
F:\PycharmProjects\pythonProject\机器学习\好用的工具\optuna\SVM调优例子.py:15: FutureWarning: suggest_loguniform has been deprecated in v3.0.0. This feature will be removed in v6.0.0. See https://github.com/optuna/optuna/releases/tag/v3.0.0. Use suggest_float(..., log=True) instead.
  C = trial.suggest_loguniform('C', 1e-5, 1e5)
F:\PycharmProjects\pythonProject\机器学习\好用的工具\optuna\SVM调优例子.py:16: FutureWarning: suggest_loguniform has been deprecated in v3.0.0. This feature will be removed in v6.0.0. See https://github.com/optuna/optuna/releases/tag/v3.0.0. Use suggest_float(..., log=True) instead.
  gamma = trial.suggest_loguniform('gamma', 1e-5, 1e5)
[I 2024-06-27 16:58:48,009] Trial 9 finished with value: 0.2 and parameters: {'C': 0.1370502022159006, 'gamma': 2.0423159532204786e-05}. Best is trial 2 with value: 0.9333333333333333.
F:\PycharmProjects\pythonProject\机器学习\好用的工具\optuna\SVM调优例子.py:15: FutureWarning: suggest_loguniform has been deprecated in v3.0.0. This feature will be removed in v6.0.0. See https://github.com/optuna/optuna/releases/tag/v3.0.0. Use suggest_float(..., log=True) instead.
  C = trial.suggest_loguniform('C', 1e-5, 1e5)
F:\PycharmProjects\pythonProject\机器学习\好用的工具\optuna\SVM调优例子.py:16: FutureWarning: suggest_loguniform has been deprecated in v3.0.0. This feature will be removed in v6.0.0. See https://github.com/optuna/optuna/releases/tag/v3.0.0. Use suggest_float(..., log=True) instead.
  gamma = trial.suggest_loguniform('gamma', 1e-5, 1e5)
[I 2024-06-27 16:58:48,016] Trial 10 finished with value: 0.9333333333333333 and parameters: {'C': 80952.30327630346, 'gamma': 1.7490810090108213}. Best is trial 2 with value: 0.9333333333333333.
F:\PycharmProjects\pythonProject\机器学习\好用的工具\optuna\SVM调优例子.py:15: FutureWarning: suggest_loguniform has been deprecated in v3.0.0. This feature will be removed in v6.0.0. See https://github.com/optuna/optuna/releases/tag/v3.0.0. Use suggest_float(..., log=True) instead.
  C = trial.suggest_loguniform('C', 1e-5, 1e5)
F:\PycharmProjects\pythonProject\机器学习\好用的工具\optuna\SVM调优例子.py:16: FutureWarning: suggest_loguniform has been deprecated in v3.0.0. This feature will be removed in v6.0.0. See https://github.com/optuna/optuna/releases/tag/v3.0.0. Use suggest_float(..., log=True) instead.
  gamma = trial.suggest_loguniform('gamma', 1e-5, 1e5)
[I 2024-06-27 16:58:48,026] Trial 11 finished with value: 0.8666666666666667 and parameters: {'C': 42310.28419661797, 'gamma': 5.580151855200811}. Best is trial 2 with value: 0.9333333333333333.
F:\PycharmProjects\pythonProject\机器学习\好用的工具\optuna\SVM调优例子.py:15: FutureWarning: suggest_loguniform has been deprecated in v3.0.0. This feature will be removed in v6.0.0. See https://github.com/optuna/optuna/releases/tag/v3.0.0. Use suggest_float(..., log=True) instead.
  C = trial.suggest_loguniform('C', 1e-5, 1e5)
F:\PycharmProjects\pythonProject\机器学习\好用的工具\optuna\SVM调优例子.py:16: FutureWarning: suggest_loguniform has been deprecated in v3.0.0. This feature will be removed in v6.0.0. See https://github.com/optuna/optuna/releases/tag/v3.0.0. Use suggest_float(..., log=True) instead.
  gamma = trial.suggest_loguniform('gamma', 1e-5, 1e5)
[I 2024-06-27 16:58:48,032] Trial 12 finished with value: 0.9333333333333333 and parameters: {'C': 459.9459095042842, 'gamma': 0.1355111007432423}. Best is trial 2 with value: 0.9333333333333333.
F:\PycharmProjects\pythonProject\机器学习\好用的工具\optuna\SVM调优例子.py:15: FutureWarning: suggest_loguniform has been deprecated in v3.0.0. This feature will be removed in v6.0.0. See https://github.com/optuna/optuna/releases/tag/v3.0.0. Use suggest_float(..., log=True) instead.
  C = trial.suggest_loguniform('C', 1e-5, 1e5)
F:\PycharmProjects\pythonProject\机器学习\好用的工具\optuna\SVM调优例子.py:16: FutureWarning: suggest_loguniform has been deprecated in v3.0.0. This feature will be removed in v6.0.0. See https://github.com/optuna/optuna/releases/tag/v3.0.0. Use suggest_float(..., log=True) instead.
  gamma = trial.suggest_loguniform('gamma', 1e-5, 1e5)
[I 2024-06-27 16:58:48,041] Trial 13 finished with value: 0.9333333333333333 and parameters: {'C': 89204.75533631559, 'gamma': 0.14109489442465253}. Best is trial 2 with value: 0.9333333333333333.
F:\PycharmProjects\pythonProject\机器学习\好用的工具\optuna\SVM调优例子.py:15: FutureWarning: suggest_loguniform has been deprecated in v3.0.0. This feature will be removed in v6.0.0. See https://github.com/optuna/optuna/releases/tag/v3.0.0. Use suggest_float(..., log=True) instead.
  C = trial.suggest_loguniform('C', 1e-5, 1e5)
F:\PycharmProjects\pythonProject\机器学习\好用的工具\optuna\SVM调优例子.py:16: FutureWarning: suggest_loguniform has been deprecated in v3.0.0. This feature will be removed in v6.0.0. See https://github.com/optuna/optuna/releases/tag/v3.0.0. Use suggest_float(..., log=True) instead.
  gamma = trial.suggest_loguniform('gamma', 1e-5, 1e5)
[I 2024-06-27 16:58:48,049] Trial 14 finished with value: 0.5333333333333333 and parameters: {'C': 111.32190291288809, 'gamma': 55.41752569790158}. Best is trial 2 with value: 0.9333333333333333.
F:\PycharmProjects\pythonProject\机器学习\好用的工具\optuna\SVM调优例子.py:15: FutureWarning: suggest_loguniform has been deprecated in v3.0.0. This feature will be removed in v6.0.0. See https://github.com/optuna/optuna/releases/tag/v3.0.0. Use suggest_float(..., log=True) instead.
  C = trial.suggest_loguniform('C', 1e-5, 1e5)
F:\PycharmProjects\pythonProject\机器学习\好用的工具\optuna\SVM调优例子.py:16: FutureWarning: suggest_loguniform has been deprecated in v3.0.0. This feature will be removed in v6.0.0. See https://github.com/optuna/optuna/releases/tag/v3.0.0. Use suggest_float(..., log=True) instead.
  gamma = trial.suggest_loguniform('gamma', 1e-5, 1e5)
[I 2024-06-27 16:58:48,058] Trial 15 finished with value: 0.9666666666666667 and parameters: {'C': 34.69866442800271, 'gamma': 0.010197596142538084}. Best is trial 15 with value: 0.9666666666666667.
F:\PycharmProjects\pythonProject\机器学习\好用的工具\optuna\SVM调优例子.py:15: FutureWarning: suggest_loguniform has been deprecated in v3.0.0. This feature will be removed in v6.0.0. See https://github.com/optuna/optuna/releases/tag/v3.0.0. Use suggest_float(..., log=True) instead.
  C = trial.suggest_loguniform('C', 1e-5, 1e5)
F:\PycharmProjects\pythonProject\机器学习\好用的工具\optuna\SVM调优例子.py:16: FutureWarning: suggest_loguniform has been deprecated in v3.0.0. This feature will be removed in v6.0.0. See https://github.com/optuna/optuna/releases/tag/v3.0.0. Use suggest_float(..., log=True) instead.
  gamma = trial.suggest_loguniform('gamma', 1e-5, 1e5)
[I 2024-06-27 16:58:48,066] Trial 16 finished with value: 0.9666666666666667 and parameters: {'C': 15.737023448859816, 'gamma': 0.003102521877354102}. Best is trial 15 with value: 0.9666666666666667.
F:\PycharmProjects\pythonProject\机器学习\好用的工具\optuna\SVM调优例子.py:15: FutureWarning: suggest_loguniform has been deprecated in v3.0.0. This feature will be removed in v6.0.0. See https://github.com/optuna/optuna/releases/tag/v3.0.0. Use suggest_float(..., log=True) instead.
  C = trial.suggest_loguniform('C', 1e-5, 1e5)
F:\PycharmProjects\pythonProject\机器学习\好用的工具\optuna\SVM调优例子.py:16: FutureWarning: suggest_loguniform has been deprecated in v3.0.0. This feature will be removed in v6.0.0. See https://github.com/optuna/optuna/releases/tag/v3.0.0. Use suggest_float(..., log=True) instead.
  gamma = trial.suggest_loguniform('gamma', 1e-5, 1e5)
[I 2024-06-27 16:58:48,074] Trial 17 finished with value: 0.2 and parameters: {'C': 0.003088760291093851, 'gamma': 0.0007297512894196037}. Best is trial 15 with value: 0.9666666666666667.
F:\PycharmProjects\pythonProject\机器学习\好用的工具\optuna\SVM调优例子.py:15: FutureWarning: suggest_loguniform has been deprecated in v3.0.0. This feature will be removed in v6.0.0. See https://github.com/optuna/optuna/releases/tag/v3.0.0. Use suggest_float(..., log=True) instead.
  C = trial.suggest_loguniform('C', 1e-5, 1e5)
F:\PycharmProjects\pythonProject\机器学习\好用的工具\optuna\SVM调优例子.py:16: FutureWarning: suggest_loguniform has been deprecated in v3.0.0. This feature will be removed in v6.0.0. See https://github.com/optuna/optuna/releases/tag/v3.0.0. Use suggest_float(..., log=True) instead.
  gamma = trial.suggest_loguniform('gamma', 1e-5, 1e5)
[I 2024-06-27 16:58:48,081] Trial 18 finished with value: 0.9666666666666667 and parameters: {'C': 32.54531926637145, 'gamma': 0.0061841766217467726}. Best is trial 15 with value: 0.9666666666666667.
F:\PycharmProjects\pythonProject\机器学习\好用的工具\optuna\SVM调优例子.py:15: FutureWarning: suggest_loguniform has been deprecated in v3.0.0. This feature will be removed in v6.0.0. See https://github.com/optuna/optuna/releases/tag/v3.0.0. Use suggest_float(..., log=True) instead.
  C = trial.suggest_loguniform('C', 1e-5, 1e5)
F:\PycharmProjects\pythonProject\机器学习\好用的工具\optuna\SVM调优例子.py:16: FutureWarning: suggest_loguniform has been deprecated in v3.0.0. This feature will be removed in v6.0.0. See https://github.com/optuna/optuna/releases/tag/v3.0.0. Use suggest_float(..., log=True) instead.
  gamma = trial.suggest_loguniform('gamma', 1e-5, 1e5)
[I 2024-06-27 16:58:48,089] Trial 19 finished with value: 0.2 and parameters: {'C': 0.011090271956348052, 'gamma': 0.0003010451627111081}. Best is trial 15 with value: 0.9666666666666667.
F:\PycharmProjects\pythonProject\机器学习\好用的工具\optuna\SVM调优例子.py:15: FutureWarning: suggest_loguniform has been deprecated in v3.0.0. This feature will be removed in v6.0.0. See https://github.com/optuna/optuna/releases/tag/v3.0.0. Use suggest_float(..., log=True) instead.
  C = trial.suggest_loguniform('C', 1e-5, 1e5)
F:\PycharmProjects\pythonProject\机器学习\好用的工具\optuna\SVM调优例子.py:16: FutureWarning: suggest_loguniform has been deprecated in v3.0.0. This feature will be removed in v6.0.0. See https://github.com/optuna/optuna/releases/tag/v3.0.0. Use suggest_float(..., log=True) instead.
  gamma = trial.suggest_loguniform('gamma', 1e-5, 1e5)
[I 2024-06-27 16:58:48,097] Trial 20 finished with value: 0.9666666666666667 and parameters: {'C': 5.7150338425879506, 'gamma': 0.01918792011764199}. Best is trial 15 with value: 0.9666666666666667.
F:\PycharmProjects\pythonProject\机器学习\好用的工具\optuna\SVM调优例子.py:15: FutureWarning: suggest_loguniform has been deprecated in v3.0.0. This feature will be removed in v6.0.0. See https://github.com/optuna/optuna/releases/tag/v3.0.0. Use suggest_float(..., log=True) instead.
  C = trial.suggest_loguniform('C', 1e-5, 1e5)
F:\PycharmProjects\pythonProject\机器学习\好用的工具\optuna\SVM调优例子.py:16: FutureWarning: suggest_loguniform has been deprecated in v3.0.0. This feature will be removed in v6.0.0. See https://github.com/optuna/optuna/releases/tag/v3.0.0. Use suggest_float(..., log=True) instead.
  gamma = trial.suggest_loguniform('gamma', 1e-5, 1e5)
[I 2024-06-27 16:58:48,104] Trial 21 finished with value: 0.9666666666666667 and parameters: {'C': 23.5061894455546, 'gamma': 0.007813640626191031}. Best is trial 15 with value: 0.9666666666666667.
F:\PycharmProjects\pythonProject\机器学习\好用的工具\optuna\SVM调优例子.py:15: FutureWarning: suggest_loguniform has been deprecated in v3.0.0. This feature will be removed in v6.0.0. See https://github.com/optuna/optuna/releases/tag/v3.0.0. Use suggest_float(..., log=True) instead.
  C = trial.suggest_loguniform('C', 1e-5, 1e5)
F:\PycharmProjects\pythonProject\机器学习\好用的工具\optuna\SVM调优例子.py:16: FutureWarning: suggest_loguniform has been deprecated in v3.0.0. This feature will be removed in v6.0.0. See https://github.com/optuna/optuna/releases/tag/v3.0.0. Use suggest_float(..., log=True) instead.
  gamma = trial.suggest_loguniform('gamma', 1e-5, 1e5)
[I 2024-06-27 16:58:48,112] Trial 22 finished with value: 0.9666666666666667 and parameters: {'C': 73.44642103742231, 'gamma': 0.0004336364335331136}. Best is trial 15 with value: 0.9666666666666667.
F:\PycharmProjects\pythonProject\机器学习\好用的工具\optuna\SVM调优例子.py:15: FutureWarning: suggest_loguniform has been deprecated in v3.0.0. This feature will be removed in v6.0.0. See https://github.com/optuna/optuna/releases/tag/v3.0.0. Use suggest_float(..., log=True) instead.
  C = trial.suggest_loguniform('C', 1e-5, 1e5)
F:\PycharmProjects\pythonProject\机器学习\好用的工具\optuna\SVM调优例子.py:16: FutureWarning: suggest_loguniform has been deprecated in v3.0.0. This feature will be removed in v6.0.0. See https://github.com/optuna/optuna/releases/tag/v3.0.0. Use suggest_float(..., log=True) instead.
  gamma = trial.suggest_loguniform('gamma', 1e-5, 1e5)
[I 2024-06-27 16:58:48,120] Trial 23 finished with value: 0.9666666666666667 and parameters: {'C': 0.6336890702565039, 'gamma': 0.3552008609334692}. Best is trial 15 with value: 0.9666666666666667.
F:\PycharmProjects\pythonProject\机器学习\好用的工具\optuna\SVM调优例子.py:15: FutureWarning: suggest_loguniform has been deprecated in v3.0.0. This feature will be removed in v6.0.0. See https://github.com/optuna/optuna/releases/tag/v3.0.0. Use suggest_float(..., log=True) instead.
  C = trial.suggest_loguniform('C', 1e-5, 1e5)
F:\PycharmProjects\pythonProject\机器学习\好用的工具\optuna\SVM调优例子.py:16: FutureWarning: suggest_loguniform has been deprecated in v3.0.0. This feature will be removed in v6.0.0. See https://github.com/optuna/optuna/releases/tag/v3.0.0. Use suggest_float(..., log=True) instead.
  gamma = trial.suggest_loguniform('gamma', 1e-5, 1e5)
[I 2024-06-27 16:58:48,128] Trial 24 finished with value: 0.6333333333333333 and parameters: {'C': 13.937679676008536, 'gamma': 0.0001067973374883843}. Best is trial 15 with value: 0.9666666666666667.
F:\PycharmProjects\pythonProject\机器学习\好用的工具\optuna\SVM调优例子.py:15: FutureWarning: suggest_loguniform has been deprecated in v3.0.0. This feature will be removed in v6.0.0. See https://github.com/optuna/optuna/releases/tag/v3.0.0. Use suggest_float(..., log=True) instead.
  C = trial.suggest_loguniform('C', 1e-5, 1e5)
F:\PycharmProjects\pythonProject\机器学习\好用的工具\optuna\SVM调优例子.py:16: FutureWarning: suggest_loguniform has been deprecated in v3.0.0. This feature will be removed in v6.0.0. See https://github.com/optuna/optuna/releases/tag/v3.0.0. Use suggest_float(..., log=True) instead.
  gamma = trial.suggest_loguniform('gamma', 1e-5, 1e5)
