[I 2024-06-27 16:58:48,343] Trial 51 finished with value: 0.9666666666666667 and parameters: {'C': 70.78072760340878, 'gamma': 0.000345038545477102}. Best is trial 15 with value: 0.9666666666666667.
F:\PycharmProjects\pythonProject\机器学习\好用的工具\optuna\SVM调优例子.py:15: FutureWarning: suggest_loguniform has been deprecated in v3.0.0. This feature will be removed in v6.0.0. See https://github.com/optuna/optuna/releases/tag/v3.0.0. Use suggest_float(..., log=True) instead.
  C = trial.suggest_loguniform('C', 1e-5, 1e5)
F:\PycharmProjects\pythonProject\机器学习\好用的工具\optuna\SVM调优例子.py:16: FutureWarning: suggest_loguniform has been deprecated in v3.0.0. This feature will be removed in v6.0.0. See https://github.com/optuna/optuna/releases/tag/v3.0.0. Use suggest_float(..., log=True) instead.
  gamma = trial.suggest_loguniform('gamma', 1e-5, 1e5)
[I 2024-06-27 16:58:48,351] Trial 52 finished with value: 0.2 and parameters: {'C': 8.141578034943707, 'gamma': 3.4718119101310454e-05}. Best is trial 15 with value: 0.9666666666666667.
F:\PycharmProjects\pythonProject\机器学习\好用的工具\optuna\SVM调优例子.py:15: FutureWarning: suggest_loguniform has been deprecated in v3.0.0. This feature will be removed in v6.0.0. See https://github.com/optuna/optuna/releases/tag/v3.0.0. Use suggest_float(..., log=True) instead.
  C = trial.suggest_loguniform('C', 1e-5, 1e5)
F:\PycharmProjects\pythonProject\机器学习\好用的工具\optuna\SVM调优例子.py:16: FutureWarning: suggest_loguniform has been deprecated in v3.0.0. This feature will be removed in v6.0.0. See https://github.com/optuna/optuna/releases/tag/v3.0.0. Use suggest_float(..., log=True) instead.
  gamma = trial.suggest_loguniform('gamma', 1e-5, 1e5)
[I 2024-06-27 16:58:48,359] Trial 53 finished with value: 0.9666666666666667 and parameters: {'C': 173.83809353548938, 'gamma': 0.0006496614453369684}. Best is trial 15 with value: 0.9666666666666667.
F:\PycharmProjects\pythonProject\机器学习\好用的工具\optuna\SVM调优例子.py:15: FutureWarning: suggest_loguniform has been deprecated in v3.0.0. This feature will be removed in v6.0.0. See https://github.com/optuna/optuna/releases/tag/v3.0.0. Use suggest_float(..., log=True) instead.
  C = trial.suggest_loguniform('C', 1e-5, 1e5)
F:\PycharmProjects\pythonProject\机器学习\好用的工具\optuna\SVM调优例子.py:16: FutureWarning: suggest_loguniform has been deprecated in v3.0.0. This feature will be removed in v6.0.0. See https://github.com/optuna/optuna/releases/tag/v3.0.0. Use suggest_float(..., log=True) instead.
  gamma = trial.suggest_loguniform('gamma', 1e-5, 1e5)
[I 2024-06-27 16:58:48,367] Trial 54 finished with value: 0.9666666666666667 and parameters: {'C': 635.6870746866621, 'gamma': 0.00013069878239682734}. Best is trial 15 with value: 0.9666666666666667.
F:\PycharmProjects\pythonProject\机器学习\好用的工具\optuna\SVM调优例子.py:15: FutureWarning: suggest_loguniform has been deprecated in v3.0.0. This feature will be removed in v6.0.0. See https://github.com/optuna/optuna/releases/tag/v3.0.0. Use suggest_float(..., log=True) instead.
  C = trial.suggest_loguniform('C', 1e-5, 1e5)
F:\PycharmProjects\pythonProject\机器学习\好用的工具\optuna\SVM调优例子.py:16: FutureWarning: suggest_loguniform has been deprecated in v3.0.0. This feature will be removed in v6.0.0. See https://github.com/optuna/optuna/releases/tag/v3.0.0. Use suggest_float(..., log=True) instead.
  gamma = trial.suggest_loguniform('gamma', 1e-5, 1e5)
[I 2024-06-27 16:58:48,375] Trial 55 finished with value: 0.9 and parameters: {'C': 1.1188622069453174, 'gamma': 0.007700965961988941}. Best is trial 15 with value: 0.9666666666666667.
F:\PycharmProjects\pythonProject\机器学习\好用的工具\optuna\SVM调优例子.py:15: FutureWarning: suggest_loguniform has been deprecated in v3.0.0. This feature will be removed in v6.0.0. See https://github.com/optuna/optuna/releases/tag/v3.0.0. Use suggest_float(..., log=True) instead.
  C = trial.suggest_loguniform('C', 1e-5, 1e5)
F:\PycharmProjects\pythonProject\机器学习\好用的工具\optuna\SVM调优例子.py:16: FutureWarning: suggest_loguniform has been deprecated in v3.0.0. This feature will be removed in v6.0.0. See https://github.com/optuna/optuna/releases/tag/v3.0.0. Use suggest_float(..., log=True) instead.
  gamma = trial.suggest_loguniform('gamma', 1e-5, 1e5)
[I 2024-06-27 16:58:48,382] Trial 56 finished with value: 0.9666666666666667 and parameters: {'C': 82.65178465269194, 'gamma': 0.001322411155189317}. Best is trial 15 with value: 0.9666666666666667.
F:\PycharmProjects\pythonProject\机器学习\好用的工具\optuna\SVM调优例子.py:15: FutureWarning: suggest_loguniform has been deprecated in v3.0.0. This feature will be removed in v6.0.0. See https://github.com/optuna/optuna/releases/tag/v3.0.0. Use suggest_float(..., log=True) instead.
  C = trial.suggest_loguniform('C', 1e-5, 1e5)
F:\PycharmProjects\pythonProject\机器学习\好用的工具\optuna\SVM调优例子.py:16: FutureWarning: suggest_loguniform has been deprecated in v3.0.0. This feature will be removed in v6.0.0. See https://github.com/optuna/optuna/releases/tag/v3.0.0. Use suggest_float(..., log=True) instead.
  gamma = trial.suggest_loguniform('gamma', 1e-5, 1e5)
[I 2024-06-27 16:58:48,391] Trial 57 finished with value: 0.2 and parameters: {'C': 0.28646196620270314, 'gamma': 0.00023197694460537605}. Best is trial 15 with value: 0.9666666666666667.
F:\PycharmProjects\pythonProject\机器学习\好用的工具\optuna\SVM调优例子.py:15: FutureWarning: suggest_loguniform has been deprecated in v3.0.0. This feature will be removed in v6.0.0. See https://github.com/optuna/optuna/releases/tag/v3.0.0. Use suggest_float(..., log=True) instead.
  C = trial.suggest_loguniform('C', 1e-5, 1e5)
F:\PycharmProjects\pythonProject\机器学习\好用的工具\optuna\SVM调优例子.py:16: FutureWarning: suggest_loguniform has been deprecated in v3.0.0. This feature will be removed in v6.0.0. See https://github.com/optuna/optuna/releases/tag/v3.0.0. Use suggest_float(..., log=True) instead.
  gamma = trial.suggest_loguniform('gamma', 1e-5, 1e5)
[I 2024-06-27 16:58:48,399] Trial 58 finished with value: 0.2 and parameters: {'C': 9.581454470941848, 'gamma': 844.3768089724466}. Best is trial 15 with value: 0.9666666666666667.
F:\PycharmProjects\pythonProject\机器学习\好用的工具\optuna\SVM调优例子.py:15: FutureWarning: suggest_loguniform has been deprecated in v3.0.0. This feature will be removed in v6.0.0. See https://github.com/optuna/optuna/releases/tag/v3.0.0. Use suggest_float(..., log=True) instead.
  C = trial.suggest_loguniform('C', 1e-5, 1e5)
F:\PycharmProjects\pythonProject\机器学习\好用的工具\optuna\SVM调优例子.py:16: FutureWarning: suggest_loguniform has been deprecated in v3.0.0. This feature will be removed in v6.0.0. See https://github.com/optuna/optuna/releases/tag/v3.0.0. Use suggest_float(..., log=True) instead.
  gamma = trial.suggest_loguniform('gamma', 1e-5, 1e5)
[I 2024-06-27 16:58:48,407] Trial 59 finished with value: 0.9666666666666667 and parameters: {'C': 29.821644335161793, 'gamma': 0.003663976650584973}. Best is trial 15 with value: 0.9666666666666667.
F:\PycharmProjects\pythonProject\机器学习\好用的工具\optuna\SVM调优例子.py:15: FutureWarning: suggest_loguniform has been deprecated in v3.0.0. This feature will be removed in v6.0.0. See https://github.com/optuna/optuna/releases/tag/v3.0.0. Use suggest_float(..., log=True) instead.
  C = trial.suggest_loguniform('C', 1e-5, 1e5)
F:\PycharmProjects\pythonProject\机器学习\好用的工具\optuna\SVM调优例子.py:16: FutureWarning: suggest_loguniform has been deprecated in v3.0.0. This feature will be removed in v6.0.0. See https://github.com/optuna/optuna/releases/tag/v3.0.0. Use suggest_float(..., log=True) instead.
  gamma = trial.suggest_loguniform('gamma', 1e-5, 1e5)
[I 2024-06-27 16:58:48,415] Trial 60 finished with value: 0.9666666666666667 and parameters: {'C': 160.2985805233184, 'gamma': 0.023210595172033194}. Best is trial 15 with value: 0.9666666666666667.
F:\PycharmProjects\pythonProject\机器学习\好用的工具\optuna\SVM调优例子.py:15: FutureWarning: suggest_loguniform has been deprecated in v3.0.0. This feature will be removed in v6.0.0. See https://github.com/optuna/optuna/releases/tag/v3.0.0. Use suggest_float(..., log=True) instead.
  C = trial.suggest_loguniform('C', 1e-5, 1e5)
F:\PycharmProjects\pythonProject\机器学习\好用的工具\optuna\SVM调优例子.py:16: FutureWarning: suggest_loguniform has been deprecated in v3.0.0. This feature will be removed in v6.0.0. See https://github.com/optuna/optuna/releases/tag/v3.0.0. Use suggest_float(..., log=True) instead.
  gamma = trial.suggest_loguniform('gamma', 1e-5, 1e5)
[I 2024-06-27 16:58:48,423] Trial 61 finished with value: 0.9333333333333333 and parameters: {'C': 0.57678975059011, 'gamma': 2.1852305232023177}. Best is trial 15 with value: 0.9666666666666667.
F:\PycharmProjects\pythonProject\机器学习\好用的工具\optuna\SVM调优例子.py:15: FutureWarning: suggest_loguniform has been deprecated in v3.0.0. This feature will be removed in v6.0.0. See https://github.com/optuna/optuna/releases/tag/v3.0.0. Use suggest_float(..., log=True) instead.
  C = trial.suggest_loguniform('C', 1e-5, 1e5)
F:\PycharmProjects\pythonProject\机器学习\好用的工具\optuna\SVM调优例子.py:16: FutureWarning: suggest_loguniform has been deprecated in v3.0.0. This feature will be removed in v6.0.0. See https://github.com/optuna/optuna/releases/tag/v3.0.0. Use suggest_float(..., log=True) instead.
  gamma = trial.suggest_loguniform('gamma', 1e-5, 1e5)
[I 2024-06-27 16:58:48,431] Trial 62 finished with value: 0.9666666666666667 and parameters: {'C': 1.1997744662154253, 'gamma': 0.01036036752241384}. Best is trial 15 with value: 0.9666666666666667.
F:\PycharmProjects\pythonProject\机器学习\好用的工具\optuna\SVM调优例子.py:15: FutureWarning: suggest_loguniform has been deprecated in v3.0.0. This feature will be removed in v6.0.0. See https://github.com/optuna/optuna/releases/tag/v3.0.0. Use suggest_float(..., log=True) instead.
  C = trial.suggest_loguniform('C', 1e-5, 1e5)
F:\PycharmProjects\pythonProject\机器学习\好用的工具\optuna\SVM调优例子.py:16: FutureWarning: suggest_loguniform has been deprecated in v3.0.0. This feature will be removed in v6.0.0. See https://github.com/optuna/optuna/releases/tag/v3.0.0. Use suggest_float(..., log=True) instead.
  gamma = trial.suggest_loguniform('gamma', 1e-5, 1e5)
[I 2024-06-27 16:58:48,439] Trial 63 finished with value: 0.9333333333333333 and parameters: {'C': 0.06636142280015915, 'gamma': 0.2670033826630748}. Best is trial 15 with value: 0.9666666666666667.
F:\PycharmProjects\pythonProject\机器学习\好用的工具\optuna\SVM调优例子.py:15: FutureWarning: suggest_loguniform has been deprecated in v3.0.0. This feature will be removed in v6.0.0. See https://github.com/optuna/optuna/releases/tag/v3.0.0. Use suggest_float(..., log=True) instead.
  C = trial.suggest_loguniform('C', 1e-5, 1e5)
F:\PycharmProjects\pythonProject\机器学习\好用的工具\optuna\SVM调优例子.py:16: FutureWarning: suggest_loguniform has been deprecated in v3.0.0. This feature will be removed in v6.0.0. See https://github.com/optuna/optuna/releases/tag/v3.0.0. Use suggest_float(..., log=True) instead.
  gamma = trial.suggest_loguniform('gamma', 1e-5, 1e5)
[I 2024-06-27 16:58:48,446] Trial 64 finished with value: 0.9666666666666667 and parameters: {'C': 2.019122500263815, 'gamma': 0.07246137796632118}. Best is trial 15 with value: 0.9666666666666667.
F:\PycharmProjects\pythonProject\机器学习\好用的工具\optuna\SVM调优例子.py:15: FutureWarning: suggest_loguniform has been deprecated in v3.0.0. This feature will be removed in v6.0.0. See https://github.com/optuna/optuna/releases/tag/v3.0.0. Use suggest_float(..., log=True) instead.
  C = trial.suggest_loguniform('C', 1e-5, 1e5)
F:\PycharmProjects\pythonProject\机器学习\好用的工具\optuna\SVM调优例子.py:16: FutureWarning: suggest_loguniform has been deprecated in v3.0.0. This feature will be removed in v6.0.0. See https://github.com/optuna/optuna/releases/tag/v3.0.0. Use suggest_float(..., log=True) instead.
  gamma = trial.suggest_loguniform('gamma', 1e-5, 1e5)
[I 2024-06-27 16:58:48,455] Trial 65 finished with value: 0.2 and parameters: {'C': 0.0008145632961989911, 'gamma': 0.024513249106593967}. Best is trial 15 with value: 0.9666666666666667.
F:\PycharmProjects\pythonProject\机器学习\好用的工具\optuna\SVM调优例子.py:15: FutureWarning: suggest_loguniform has been deprecated in v3.0.0. This feature will be removed in v6.0.0. See https://github.com/optuna/optuna/releases/tag/v3.0.0. Use suggest_float(..., log=True) instead.
  C = trial.suggest_loguniform('C', 1e-5, 1e5)
F:\PycharmProjects\pythonProject\机器学习\好用的工具\optuna\SVM调优例子.py:16: FutureWarning: suggest_loguniform has been deprecated in v3.0.0. This feature will be removed in v6.0.0. See https://github.com/optuna/optuna/releases/tag/v3.0.0. Use suggest_float(..., log=True) instead.
  gamma = trial.suggest_loguniform('gamma', 1e-5, 1e5)
[I 2024-06-27 16:58:48,463] Trial 66 finished with value: 0.9 and parameters: {'C': 5.935384300469645, 'gamma': 4.50230694557884}. Best is trial 15 with value: 0.9666666666666667.
F:\PycharmProjects\pythonProject\机器学习\好用的工具\optuna\SVM调优例子.py:15: FutureWarning: suggest_loguniform has been deprecated in v3.0.0. This feature will be removed in v6.0.0. See https://github.com/optuna/optuna/releases/tag/v3.0.0. Use suggest_float(..., log=True) instead.
  C = trial.suggest_loguniform('C', 1e-5, 1e5)
F:\PycharmProjects\pythonProject\机器学习\好用的工具\optuna\SVM调优例子.py:16: FutureWarning: suggest_loguniform has been deprecated in v3.0.0. This feature will be removed in v6.0.0. See https://github.com/optuna/optuna/releases/tag/v3.0.0. Use suggest_float(..., log=True) instead.
  gamma = trial.suggest_loguniform('gamma', 1e-5, 1e5)
[I 2024-06-27 16:58:48,471] Trial 67 finished with value: 0.9666666666666667 and parameters: {'C': 16.545532206517322, 'gamma': 0.001874022134038609}. Best is trial 15 with value: 0.9666666666666667.
F:\PycharmProjects\pythonProject\机器学习\好用的工具\optuna\SVM调优例子.py:15: FutureWarning: suggest_loguniform has been deprecated in v3.0.0. This feature will be removed in v6.0.0. See https://github.com/optuna/optuna/releases/tag/v3.0.0. Use suggest_float(..., log=True) instead.
  C = trial.suggest_loguniform('C', 1e-5, 1e5)
F:\PycharmProjects\pythonProject\机器学习\好用的工具\optuna\SVM调优例子.py:16: FutureWarning: suggest_loguniform has been deprecated in v3.0.0. This feature will be removed in v6.0.0. See https://github.com/optuna/optuna/releases/tag/v3.0.0. Use suggest_float(..., log=True) instead.
  gamma = trial.suggest_loguniform('gamma', 1e-5, 1e5)
[I 2024-06-27 16:58:48,480] Trial 68 finished with value: 0.2 and parameters: {'C': 0.5074368292342291, 'gamma': 0.0007116921327747419}. Best is trial 15 with value: 0.9666666666666667.
F:\PycharmProjects\pythonProject\机器学习\好用的工具\optuna\SVM调优例子.py:15: FutureWarning: suggest_loguniform has been deprecated in v3.0.0. This feature will be removed in v6.0.0. See https://github.com/optuna/optuna/releases/tag/v3.0.0. Use suggest_float(..., log=True) instead.
  C = trial.suggest_loguniform('C', 1e-5, 1e5)
F:\PycharmProjects\pythonProject\机器学习\好用的工具\optuna\SVM调优例子.py:16: FutureWarning: suggest_loguniform has been deprecated in v3.0.0. This feature will be removed in v6.0.0. See https://github.com/optuna/optuna/releases/tag/v3.0.0. Use suggest_float(..., log=True) instead.
  gamma = trial.suggest_loguniform('gamma', 1e-5, 1e5)
[I 2024-06-27 16:58:48,488] Trial 69 finished with value: 0.9333333333333333 and parameters: {'C': 54.42699404211394, 'gamma': 0.24327400695663656}. Best is trial 15 with value: 0.9666666666666667.
F:\PycharmProjects\pythonProject\机器学习\好用的工具\optuna\SVM调优例子.py:15: FutureWarning: suggest_loguniform has been deprecated in v3.0.0. This feature will be removed in v6.0.0. See https://github.com/optuna/optuna/releases/tag/v3.0.0. Use suggest_float(..., log=True) instead.
  C = trial.suggest_loguniform('C', 1e-5, 1e5)
F:\PycharmProjects\pythonProject\机器学习\好用的工具\optuna\SVM调优例子.py:16: FutureWarning: suggest_loguniform has been deprecated in v3.0.0. This feature will be removed in v6.0.0. See https://github.com/optuna/optuna/releases/tag/v3.0.0. Use suggest_float(..., log=True) instead.
  gamma = trial.suggest_loguniform('gamma', 1e-5, 1e5)
[I 2024-06-27 16:58:48,497] Trial 70 finished with value: 0.2 and parameters: {'C': 3.5369383508083154, 'gamma': 5.3920058639693096e-05}. Best is trial 15 with value: 0.9666666666666667.
F:\PycharmProjects\pythonProject\机器学习\好用的工具\optuna\SVM调优例子.py:15: FutureWarning: suggest_loguniform has been deprecated in v3.0.0. This feature will be removed in v6.0.0. See https://github.com/optuna/optuna/releases/tag/v3.0.0. Use suggest_float(..., log=True) instead.
  C = trial.suggest_loguniform('C', 1e-5, 1e5)
F:\PycharmProjects\pythonProject\机器学习\好用的工具\optuna\SVM调优例子.py:16: FutureWarning: suggest_loguniform has been deprecated in v3.0.0. This feature will be removed in v6.0.0. See https://github.com/optuna/optuna/releases/tag/v3.0.0. Use suggest_float(..., log=True) instead.
  gamma = trial.suggest_loguniform('gamma', 1e-5, 1e5)
[I 2024-06-27 16:58:48,504] Trial 71 finished with value: 0.9666666666666667 and parameters: {'C': 322.37411262468737, 'gamma': 0.005916317050676728}. Best is trial 15 with value: 0.9666666666666667.
F:\PycharmProjects\pythonProject\机器学习\好用的工具\optuna\SVM调优例子.py:15: FutureWarning: suggest_loguniform has been deprecated in v3.0.0. This feature will be removed in v6.0.0. See https://github.com/optuna/optuna/releases/tag/v3.0.0. Use suggest_float(..., log=True) instead.
  C = trial.suggest_loguniform('C', 1e-5, 1e5)
F:\PycharmProjects\pythonProject\机器学习\好用的工具\optuna\SVM调优例子.py:16: FutureWarning: suggest_loguniform has been deprecated in v3.0.0. This feature will be removed in v6.0.0. See https://github.com/optuna/optuna/releases/tag/v3.0.0. Use suggest_float(..., log=True) instead.
  gamma = trial.suggest_loguniform('gamma', 1e-5, 1e5)
[I 2024-06-27 16:58:48,512] Trial 72 finished with value: 0.9666666666666667 and parameters: {'C': 111.28788298691207, 'gamma': 0.00446370395401224}. Best is trial 15 with value: 0.9666666666666667.
F:\PycharmProjects\pythonProject\机器学习\好用的工具\optuna\SVM调优例子.py:15: FutureWarning: suggest_loguniform has been deprecated in v3.0.0. This feature will be removed in v6.0.0. See https://github.com/optuna/optuna/releases/tag/v3.0.0. Use suggest_float(..., log=True) instead.
  C = trial.suggest_loguniform('C', 1e-5, 1e5)
F:\PycharmProjects\pythonProject\机器学习\好用的工具\optuna\SVM调优例子.py:16: FutureWarning: suggest_loguniform has been deprecated in v3.0.0. This feature will be removed in v6.0.0. See https://github.com/optuna/optuna/releases/tag/v3.0.0. Use suggest_float(..., log=True) instead.
  gamma = trial.suggest_loguniform('gamma', 1e-5, 1e5)
[I 2024-06-27 16:58:48,520] Trial 73 finished with value: 0.9666666666666667 and parameters: {'C': 14.112818203035594, 'gamma': 0.017736454549535423}. Best is trial 15 with value: 0.9666666666666667.
F:\PycharmProjects\pythonProject\机器学习\好用的工具\optuna\SVM调优例子.py:15: FutureWarning: suggest_loguniform has been deprecated in v3.0.0. This feature will be removed in v6.0.0. See https://github.com/optuna/optuna/releases/tag/v3.0.0. Use suggest_float(..., log=True) instead.
  C = trial.suggest_loguniform('C', 1e-5, 1e5)
F:\PycharmProjects\pythonProject\机器学习\好用的工具\optuna\SVM调优例子.py:16: FutureWarning: suggest_loguniform has been deprecated in v3.0.0. This feature will be removed in v6.0.0. See https://github.com/optuna/optuna/releases/tag/v3.0.0. Use suggest_float(..., log=True) instead.
  gamma = trial.suggest_loguniform('gamma', 1e-5, 1e5)
[I 2024-06-27 16:58:48,529] Trial 74 finished with value: 0.2 and parameters: {'C': 34.261313702413794, 'gamma': 77113.97524871855}. Best is trial 15 with value: 0.9666666666666667.
F:\PycharmProjects\pythonProject\机器学习\好用的工具\optuna\SVM调优例子.py:15: FutureWarning: suggest_loguniform has been deprecated in v3.0.0. This feature will be removed in v6.0.0. See https://github.com/optuna/optuna/releases/tag/v3.0.0. Use suggest_float(..., log=True) instead.
  C = trial.suggest_loguniform('C', 1e-5, 1e5)
F:\PycharmProjects\pythonProject\机器学习\好用的工具\optuna\SVM调优例子.py:16: FutureWarning: suggest_loguniform has been deprecated in v3.0.0. This feature will be removed in v6.0.0. See https://github.com/optuna/optuna/releases/tag/v3.0.0. Use suggest_float(..., log=True) instead.
  gamma = trial.suggest_loguniform('gamma', 1e-5, 1e5)
[I 2024-06-27 16:58:48,537] Trial 75 finished with value: 0.9333333333333333 and parameters: {'C': 227.97140693807492, 'gamma': 0.1052690901947258}. Best is trial 15 with value: 0.9666666666666667.
F:\PycharmProjects\pythonProject\机器学习\好用的工具\optuna\SVM调优例子.py:15: FutureWarning: suggest_loguniform has been deprecated in v3.0.0. This feature will be removed in v6.0.0. See https://github.com/optuna/optuna/releases/tag/v3.0.0. Use suggest_float(..., log=True) instead.
  C = trial.suggest_loguniform('C', 1e-5, 1e5)
F:\PycharmProjects\pythonProject\机器学习\好用的工具\optuna\SVM调优例子.py:16: FutureWarning: suggest_loguniform has been deprecated in v3.0.0. This feature will be removed in v6.0.0. See https://github.com/optuna/optuna/releases/tag/v3.0.0. Use suggest_float(..., log=True) instead.
  gamma = trial.suggest_loguniform('gamma', 1e-5, 1e5)
[I 2024-06-27 16:58:48,545] Trial 76 finished with value: 0.9666666666666667 and parameters: {'C': 79.43405878167701, 'gamma': 0.04178430667940746}. Best is trial 15 with value: 0.9666666666666667.
F:\PycharmProjects\pythonProject\机器学习\好用的工具\optuna\SVM调优例子.py:15: FutureWarning: suggest_loguniform has been deprecated in v3.0.0. This feature will be removed in v6.0.0. See https://github.com/optuna/optuna/releases/tag/v3.0.0. Use suggest_float(..., log=True) instead.
  C = trial.suggest_loguniform('C', 1e-5, 1e5)
F:\PycharmProjects\pythonProject\机器学习\好用的工具\optuna\SVM调优例子.py:16: FutureWarning: suggest_loguniform has been deprecated in v3.0.0. This feature will be removed in v6.0.0. See https://github.com/optuna/optuna/releases/tag/v3.0.0. Use suggest_float(..., log=True) instead.
  gamma = trial.suggest_loguniform('gamma', 1e-5, 1e5)
