[I 2024-06-27 16:58:48,552] Trial 77 finished with value: 0.9666666666666667 and parameters: {'C': 783.7326942019158, 'gamma': 0.0020082246787207158}. Best is trial 15 with value: 0.9666666666666667.
F:\PycharmProjects\pythonProject\机器学习\好用的工具\optuna\SVM调优例子.py:15: FutureWarning: suggest_loguniform has been deprecated in v3.0.0. This feature will be removed in v6.0.0. See https://github.com/optuna/optuna/releases/tag/v3.0.0. Use suggest_float(..., log=True) instead.
  C = trial.suggest_loguniform('C', 1e-5, 1e5)
F:\PycharmProjects\pythonProject\机器学习\好用的工具\optuna\SVM调优例子.py:16: FutureWarning: suggest_loguniform has been deprecated in v3.0.0. This feature will be removed in v6.0.0. See https://github.com/optuna/optuna/releases/tag/v3.0.0. Use suggest_float(..., log=True) instead.
  gamma = trial.suggest_loguniform('gamma', 1e-5, 1e5)
[I 2024-06-27 16:58:48,561] Trial 78 finished with value: 0.9333333333333333 and parameters: {'C': 1914.5995620645972, 'gamma': 0.010828445974608665}. Best is trial 15 with value: 0.9666666666666667.
F:\PycharmProjects\pythonProject\机器学习\好用的工具\optuna\SVM调优例子.py:15: FutureWarning: suggest_loguniform has been deprecated in v3.0.0. This feature will be removed in v6.0.0. See https://github.com/optuna/optuna/releases/tag/v3.0.0. Use suggest_float(..., log=True) instead.
  C = trial.suggest_loguniform('C', 1e-5, 1e5)
F:\PycharmProjects\pythonProject\机器学习\好用的工具\optuna\SVM调优例子.py:16: FutureWarning: suggest_loguniform has been deprecated in v3.0.0. This feature will be removed in v6.0.0. See https://github.com/optuna/optuna/releases/tag/v3.0.0. Use suggest_float(..., log=True) instead.
  gamma = trial.suggest_loguniform('gamma', 1e-5, 1e5)
[I 2024-06-27 16:58:48,569] Trial 79 finished with value: 0.9 and parameters: {'C': 6.070830484488704, 'gamma': 0.000982740183074933}. Best is trial 15 with value: 0.9666666666666667.
F:\PycharmProjects\pythonProject\机器学习\好用的工具\optuna\SVM调优例子.py:15: FutureWarning: suggest_loguniform has been deprecated in v3.0.0. This feature will be removed in v6.0.0. See https://github.com/optuna/optuna/releases/tag/v3.0.0. Use suggest_float(..., log=True) instead.
  C = trial.suggest_loguniform('C', 1e-5, 1e5)
F:\PycharmProjects\pythonProject\机器学习\好用的工具\optuna\SVM调优例子.py:16: FutureWarning: suggest_loguniform has been deprecated in v3.0.0. This feature will be removed in v6.0.0. See https://github.com/optuna/optuna/releases/tag/v3.0.0. Use suggest_float(..., log=True) instead.
  gamma = trial.suggest_loguniform('gamma', 1e-5, 1e5)
[I 2024-06-27 16:58:48,578] Trial 80 finished with value: 0.6333333333333333 and parameters: {'C': 2.0133872180540138, 'gamma': 0.00035276541168708297}. Best is trial 15 with value: 0.9666666666666667.
F:\PycharmProjects\pythonProject\机器学习\好用的工具\optuna\SVM调优例子.py:15: FutureWarning: suggest_loguniform has been deprecated in v3.0.0. This feature will be removed in v6.0.0. See https://github.com/optuna/optuna/releases/tag/v3.0.0. Use suggest_float(..., log=True) instead.
  C = trial.suggest_loguniform('C', 1e-5, 1e5)
F:\PycharmProjects\pythonProject\机器学习\好用的工具\optuna\SVM调优例子.py:16: FutureWarning: suggest_loguniform has been deprecated in v3.0.0. This feature will be removed in v6.0.0. See https://github.com/optuna/optuna/releases/tag/v3.0.0. Use suggest_float(..., log=True) instead.
  gamma = trial.suggest_loguniform('gamma', 1e-5, 1e5)
[I 2024-06-27 16:58:48,586] Trial 81 finished with value: 0.9666666666666667 and parameters: {'C': 4.043240286551, 'gamma': 0.026085128738640315}. Best is trial 15 with value: 0.9666666666666667.
F:\PycharmProjects\pythonProject\机器学习\好用的工具\optuna\SVM调优例子.py:15: FutureWarning: suggest_loguniform has been deprecated in v3.0.0. This feature will be removed in v6.0.0. See https://github.com/optuna/optuna/releases/tag/v3.0.0. Use suggest_float(..., log=True) instead.
  C = trial.suggest_loguniform('C', 1e-5, 1e5)
F:\PycharmProjects\pythonProject\机器学习\好用的工具\optuna\SVM调优例子.py:16: FutureWarning: suggest_loguniform has been deprecated in v3.0.0. This feature will be removed in v6.0.0. See https://github.com/optuna/optuna/releases/tag/v3.0.0. Use suggest_float(..., log=True) instead.
  gamma = trial.suggest_loguniform('gamma', 1e-5, 1e5)
[I 2024-06-27 16:58:48,592] Trial 82 finished with value: 0.9666666666666667 and parameters: {'C': 22.372700784366106, 'gamma': 0.005431207713350469}. Best is trial 15 with value: 0.9666666666666667.
F:\PycharmProjects\pythonProject\机器学习\好用的工具\optuna\SVM调优例子.py:15: FutureWarning: suggest_loguniform has been deprecated in v3.0.0. This feature will be removed in v6.0.0. See https://github.com/optuna/optuna/releases/tag/v3.0.0. Use suggest_float(..., log=True) instead.
  C = trial.suggest_loguniform('C', 1e-5, 1e5)
F:\PycharmProjects\pythonProject\机器学习\好用的工具\optuna\SVM调优例子.py:16: FutureWarning: suggest_loguniform has been deprecated in v3.0.0. This feature will be removed in v6.0.0. See https://github.com/optuna/optuna/releases/tag/v3.0.0. Use suggest_float(..., log=True) instead.
  gamma = trial.suggest_loguniform('gamma', 1e-5, 1e5)
[I 2024-06-27 16:58:48,601] Trial 83 finished with value: 0.9666666666666667 and parameters: {'C': 10.945558436244427, 'gamma': 0.0028908359681252896}. Best is trial 15 with value: 0.9666666666666667.
F:\PycharmProjects\pythonProject\机器学习\好用的工具\optuna\SVM调优例子.py:15: FutureWarning: suggest_loguniform has been deprecated in v3.0.0. This feature will be removed in v6.0.0. See https://github.com/optuna/optuna/releases/tag/v3.0.0. Use suggest_float(..., log=True) instead.
  C = trial.suggest_loguniform('C', 1e-5, 1e5)
F:\PycharmProjects\pythonProject\机器学习\好用的工具\optuna\SVM调优例子.py:16: FutureWarning: suggest_loguniform has been deprecated in v3.0.0. This feature will be removed in v6.0.0. See https://github.com/optuna/optuna/releases/tag/v3.0.0. Use suggest_float(..., log=True) instead.
  gamma = trial.suggest_loguniform('gamma', 1e-5, 1e5)
[I 2024-06-27 16:58:48,610] Trial 84 finished with value: 0.9333333333333333 and parameters: {'C': 39.807518459923905, 'gamma': 0.7576248748507407}. Best is trial 15 with value: 0.9666666666666667.
F:\PycharmProjects\pythonProject\机器学习\好用的工具\optuna\SVM调优例子.py:15: FutureWarning: suggest_loguniform has been deprecated in v3.0.0. This feature will be removed in v6.0.0. See https://github.com/optuna/optuna/releases/tag/v3.0.0. Use suggest_float(..., log=True) instead.
  C = trial.suggest_loguniform('C', 1e-5, 1e5)
F:\PycharmProjects\pythonProject\机器学习\好用的工具\optuna\SVM调优例子.py:16: FutureWarning: suggest_loguniform has been deprecated in v3.0.0. This feature will be removed in v6.0.0. See https://github.com/optuna/optuna/releases/tag/v3.0.0. Use suggest_float(..., log=True) instead.
  gamma = trial.suggest_loguniform('gamma', 1e-5, 1e5)
[I 2024-06-27 16:58:48,617] Trial 85 finished with value: 0.9333333333333333 and parameters: {'C': 0.16093909004700685, 'gamma': 0.07000416643259437}. Best is trial 15 with value: 0.9666666666666667.
F:\PycharmProjects\pythonProject\机器学习\好用的工具\optuna\SVM调优例子.py:15: FutureWarning: suggest_loguniform has been deprecated in v3.0.0. This feature will be removed in v6.0.0. See https://github.com/optuna/optuna/releases/tag/v3.0.0. Use suggest_float(..., log=True) instead.
  C = trial.suggest_loguniform('C', 1e-5, 1e5)
F:\PycharmProjects\pythonProject\机器学习\好用的工具\optuna\SVM调优例子.py:16: FutureWarning: suggest_loguniform has been deprecated in v3.0.0. This feature will be removed in v6.0.0. See https://github.com/optuna/optuna/releases/tag/v3.0.0. Use suggest_float(..., log=True) instead.
  gamma = trial.suggest_loguniform('gamma', 1e-5, 1e5)
[I 2024-06-27 16:58:48,625] Trial 86 finished with value: 0.9666666666666667 and parameters: {'C': 8.248672809805804, 'gamma': 0.4655175839581207}. Best is trial 15 with value: 0.9666666666666667.
F:\PycharmProjects\pythonProject\机器学习\好用的工具\optuna\SVM调优例子.py:15: FutureWarning: suggest_loguniform has been deprecated in v3.0.0. This feature will be removed in v6.0.0. See https://github.com/optuna/optuna/releases/tag/v3.0.0. Use suggest_float(..., log=True) instead.
  C = trial.suggest_loguniform('C', 1e-5, 1e5)
F:\PycharmProjects\pythonProject\机器学习\好用的工具\optuna\SVM调优例子.py:16: FutureWarning: suggest_loguniform has been deprecated in v3.0.0. This feature will be removed in v6.0.0. See https://github.com/optuna/optuna/releases/tag/v3.0.0. Use suggest_float(..., log=True) instead.
  gamma = trial.suggest_loguniform('gamma', 1e-5, 1e5)
[I 2024-06-27 16:58:48,634] Trial 87 finished with value: 0.8 and parameters: {'C': 111.38025980376067, 'gamma': 19.689832054370633}. Best is trial 15 with value: 0.9666666666666667.
F:\PycharmProjects\pythonProject\机器学习\好用的工具\optuna\SVM调优例子.py:15: FutureWarning: suggest_loguniform has been deprecated in v3.0.0. This feature will be removed in v6.0.0. See https://github.com/optuna/optuna/releases/tag/v3.0.0. Use suggest_float(..., log=True) instead.
  C = trial.suggest_loguniform('C', 1e-5, 1e5)
F:\PycharmProjects\pythonProject\机器学习\好用的工具\optuna\SVM调优例子.py:16: FutureWarning: suggest_loguniform has been deprecated in v3.0.0. This feature will be removed in v6.0.0. See https://github.com/optuna/optuna/releases/tag/v3.0.0. Use suggest_float(..., log=True) instead.
  gamma = trial.suggest_loguniform('gamma', 1e-5, 1e5)
[I 2024-06-27 16:58:48,642] Trial 88 finished with value: 0.9333333333333333 and parameters: {'C': 490.67387413429645, 'gamma': 0.014760419742087177}. Best is trial 15 with value: 0.9666666666666667.
F:\PycharmProjects\pythonProject\机器学习\好用的工具\optuna\SVM调优例子.py:15: FutureWarning: suggest_loguniform has been deprecated in v3.0.0. This feature will be removed in v6.0.0. See https://github.com/optuna/optuna/releases/tag/v3.0.0. Use suggest_float(..., log=True) instead.
  C = trial.suggest_loguniform('C', 1e-5, 1e5)
F:\PycharmProjects\pythonProject\机器学习\好用的工具\optuna\SVM调优例子.py:16: FutureWarning: suggest_loguniform has been deprecated in v3.0.0. This feature will be removed in v6.0.0. See https://github.com/optuna/optuna/releases/tag/v3.0.0. Use suggest_float(..., log=True) instead.
  gamma = trial.suggest_loguniform('gamma', 1e-5, 1e5)
[I 2024-06-27 16:58:48,650] Trial 89 finished with value: 0.9666666666666667 and parameters: {'C': 0.8217716379513016, 'gamma': 0.03185693257316791}. Best is trial 15 with value: 0.9666666666666667.
F:\PycharmProjects\pythonProject\机器学习\好用的工具\optuna\SVM调优例子.py:15: FutureWarning: suggest_loguniform has been deprecated in v3.0.0. This feature will be removed in v6.0.0. See https://github.com/optuna/optuna/releases/tag/v3.0.0. Use suggest_float(..., log=True) instead.
  C = trial.suggest_loguniform('C', 1e-5, 1e5)
F:\PycharmProjects\pythonProject\机器学习\好用的工具\optuna\SVM调优例子.py:16: FutureWarning: suggest_loguniform has been deprecated in v3.0.0. This feature will be removed in v6.0.0. See https://github.com/optuna/optuna/releases/tag/v3.0.0. Use suggest_float(..., log=True) instead.
  gamma = trial.suggest_loguniform('gamma', 1e-5, 1e5)
[I 2024-06-27 16:58:48,658] Trial 90 finished with value: 0.9666666666666667 and parameters: {'C': 18.80463079545721, 'gamma': 0.0063974348732636225}. Best is trial 15 with value: 0.9666666666666667.
F:\PycharmProjects\pythonProject\机器学习\好用的工具\optuna\SVM调优例子.py:15: FutureWarning: suggest_loguniform has been deprecated in v3.0.0. This feature will be removed in v6.0.0. See https://github.com/optuna/optuna/releases/tag/v3.0.0. Use suggest_float(..., log=True) instead.
  C = trial.suggest_loguniform('C', 1e-5, 1e5)
F:\PycharmProjects\pythonProject\机器学习\好用的工具\optuna\SVM调优例子.py:16: FutureWarning: suggest_loguniform has been deprecated in v3.0.0. This feature will be removed in v6.0.0. See https://github.com/optuna/optuna/releases/tag/v3.0.0. Use suggest_float(..., log=True) instead.
  gamma = trial.suggest_loguniform('gamma', 1e-5, 1e5)
[I 2024-06-27 16:58:48,666] Trial 91 finished with value: 0.9666666666666667 and parameters: {'C': 54.49056438939303, 'gamma': 0.010021762665354629}. Best is trial 15 with value: 0.9666666666666667.
F:\PycharmProjects\pythonProject\机器学习\好用的工具\optuna\SVM调优例子.py:15: FutureWarning: suggest_loguniform has been deprecated in v3.0.0. This feature will be removed in v6.0.0. See https://github.com/optuna/optuna/releases/tag/v3.0.0. Use suggest_float(..., log=True) instead.
  C = trial.suggest_loguniform('C', 1e-5, 1e5)
F:\PycharmProjects\pythonProject\机器学习\好用的工具\optuna\SVM调优例子.py:16: FutureWarning: suggest_loguniform has been deprecated in v3.0.0. This feature will be removed in v6.0.0. See https://github.com/optuna/optuna/releases/tag/v3.0.0. Use suggest_float(..., log=True) instead.
  gamma = trial.suggest_loguniform('gamma', 1e-5, 1e5)
[I 2024-06-27 16:58:48,674] Trial 92 finished with value: 0.9666666666666667 and parameters: {'C': 1.9046915231707038, 'gamma': 0.16653283543323516}. Best is trial 15 with value: 0.9666666666666667.
F:\PycharmProjects\pythonProject\机器学习\好用的工具\optuna\SVM调优例子.py:15: FutureWarning: suggest_loguniform has been deprecated in v3.0.0. This feature will be removed in v6.0.0. See https://github.com/optuna/optuna/releases/tag/v3.0.0. Use suggest_float(..., log=True) instead.
  C = trial.suggest_loguniform('C', 1e-5, 1e5)
F:\PycharmProjects\pythonProject\机器学习\好用的工具\optuna\SVM调优例子.py:16: FutureWarning: suggest_loguniform has been deprecated in v3.0.0. This feature will be removed in v6.0.0. See https://github.com/optuna/optuna/releases/tag/v3.0.0. Use suggest_float(..., log=True) instead.
  gamma = trial.suggest_loguniform('gamma', 1e-5, 1e5)
[I 2024-06-27 16:58:48,682] Trial 93 finished with value: 0.9333333333333333 and parameters: {'C': 5.496337072220068, 'gamma': 0.0017405258158060103}. Best is trial 15 with value: 0.9666666666666667.
F:\PycharmProjects\pythonProject\机器学习\好用的工具\optuna\SVM调优例子.py:15: FutureWarning: suggest_loguniform has been deprecated in v3.0.0. This feature will be removed in v6.0.0. See https://github.com/optuna/optuna/releases/tag/v3.0.0. Use suggest_float(..., log=True) instead.
  C = trial.suggest_loguniform('C', 1e-5, 1e5)
F:\PycharmProjects\pythonProject\机器学习\好用的工具\optuna\SVM调优例子.py:16: FutureWarning: suggest_loguniform has been deprecated in v3.0.0. This feature will be removed in v6.0.0. See https://github.com/optuna/optuna/releases/tag/v3.0.0. Use suggest_float(..., log=True) instead.
  gamma = trial.suggest_loguniform('gamma', 1e-5, 1e5)
[I 2024-06-27 16:58:48,690] Trial 94 finished with value: 0.9666666666666667 and parameters: {'C': 21.918299096392502, 'gamma': 0.01572488221799155}. Best is trial 15 with value: 0.9666666666666667.
F:\PycharmProjects\pythonProject\机器学习\好用的工具\optuna\SVM调优例子.py:15: FutureWarning: suggest_loguniform has been deprecated in v3.0.0. This feature will be removed in v6.0.0. See https://github.com/optuna/optuna/releases/tag/v3.0.0. Use suggest_float(..., log=True) instead.
  C = trial.suggest_loguniform('C', 1e-5, 1e5)
F:\PycharmProjects\pythonProject\机器学习\好用的工具\optuna\SVM调优例子.py:16: FutureWarning: suggest_loguniform has been deprecated in v3.0.0. This feature will be removed in v6.0.0. See https://github.com/optuna/optuna/releases/tag/v3.0.0. Use suggest_float(..., log=True) instead.
  gamma = trial.suggest_loguniform('gamma', 1e-5, 1e5)
[I 2024-06-27 16:58:48,699] Trial 95 finished with value: 0.9333333333333333 and parameters: {'C': 220.87598816700483, 'gamma': 0.04696803414451313}. Best is trial 15 with value: 0.9666666666666667.
F:\PycharmProjects\pythonProject\机器学习\好用的工具\optuna\SVM调优例子.py:15: FutureWarning: suggest_loguniform has been deprecated in v3.0.0. This feature will be removed in v6.0.0. See https://github.com/optuna/optuna/releases/tag/v3.0.0. Use suggest_float(..., log=True) instead.
  C = trial.suggest_loguniform('C', 1e-5, 1e5)
F:\PycharmProjects\pythonProject\机器学习\好用的工具\optuna\SVM调优例子.py:16: FutureWarning: suggest_loguniform has been deprecated in v3.0.0. This feature will be removed in v6.0.0. See https://github.com/optuna/optuna/releases/tag/v3.0.0. Use suggest_float(..., log=True) instead.
  gamma = trial.suggest_loguniform('gamma', 1e-5, 1e5)
[I 2024-06-27 16:58:48,707] Trial 96 finished with value: 0.9666666666666667 and parameters: {'C': 11.165536507037528, 'gamma': 0.00410915534779998}. Best is trial 15 with value: 0.9666666666666667.
F:\PycharmProjects\pythonProject\机器学习\好用的工具\optuna\SVM调优例子.py:15: FutureWarning: suggest_loguniform has been deprecated in v3.0.0. This feature will be removed in v6.0.0. See https://github.com/optuna/optuna/releases/tag/v3.0.0. Use suggest_float(..., log=True) instead.
  C = trial.suggest_loguniform('C', 1e-5, 1e5)
F:\PycharmProjects\pythonProject\机器学习\好用的工具\optuna\SVM调优例子.py:16: FutureWarning: suggest_loguniform has been deprecated in v3.0.0. This feature will be removed in v6.0.0. See https://github.com/optuna/optuna/releases/tag/v3.0.0. Use suggest_float(..., log=True) instead.
  gamma = trial.suggest_loguniform('gamma', 1e-5, 1e5)
[I 2024-06-27 16:58:48,714] Trial 97 finished with value: 0.9666666666666667 and parameters: {'C': 120.95498734265944, 'gamma': 0.0010689937600039455}. Best is trial 15 with value: 0.9666666666666667.
F:\PycharmProjects\pythonProject\机器学习\好用的工具\optuna\SVM调优例子.py:15: FutureWarning: suggest_loguniform has been deprecated in v3.0.0. This feature will be removed in v6.0.0. See https://github.com/optuna/optuna/releases/tag/v3.0.0. Use suggest_float(..., log=True) instead.
  C = trial.suggest_loguniform('C', 1e-5, 1e5)
F:\PycharmProjects\pythonProject\机器学习\好用的工具\optuna\SVM调优例子.py:16: FutureWarning: suggest_loguniform has been deprecated in v3.0.0. This feature will be removed in v6.0.0. See https://github.com/optuna/optuna/releases/tag/v3.0.0. Use suggest_float(..., log=True) instead.
  gamma = trial.suggest_loguniform('gamma', 1e-5, 1e5)
[I 2024-06-27 16:58:48,724] Trial 98 finished with value: 0.2 and parameters: {'C': 43.68897863422702, 'gamma': 430.74979713494594}. Best is trial 15 with value: 0.9666666666666667.
F:\PycharmProjects\pythonProject\机器学习\好用的工具\optuna\SVM调优例子.py:15: FutureWarning: suggest_loguniform has been deprecated in v3.0.0. This feature will be removed in v6.0.0. See https://github.com/optuna/optuna/releases/tag/v3.0.0. Use suggest_float(..., log=True) instead.
  C = trial.suggest_loguniform('C', 1e-5, 1e5)
F:\PycharmProjects\pythonProject\机器学习\好用的工具\optuna\SVM调优例子.py:16: FutureWarning: suggest_loguniform has been deprecated in v3.0.0. This feature will be removed in v6.0.0. See https://github.com/optuna/optuna/releases/tag/v3.0.0. Use suggest_float(..., log=True) instead.
  gamma = trial.suggest_loguniform('gamma', 1e-5, 1e5)
[I 2024-06-27 16:58:48,733] Trial 99 finished with value: 0.9666666666666667 and parameters: {'C': 25.549846898555796, 'gamma': 0.0005730507327918922}. Best is trial 15 with value: 0.9666666666666667.
Best hyperparameters:  {'C': 34.69866442800271, 'gamma': 0.010197596142538084}
Best score:  0.9666666666666667